#
# A fatal error has been detected by the Java Runtime Environment:
#
#  SIGBUS (0xa) at pc=0x000000010e33d4f0, pid=44320, tid=28931
#
# JRE version: Java(TM) SE Runtime Environment (17.0.1+12) (build 17.0.1+12-LTS-39)
# Java VM: Java HotSpot(TM) 64-Bit Server VM (17.0.1+12-LTS-39, mixed mode, sharing, tiered, compressed oops, compressed class ptrs, g1 gc, bsd-aarch64)
# Problematic frame:
# v  ~StubRoutines::SafeFetchN
#
# No core dump will be written. Core dumps have been disabled. To enable core dumping, try "ulimit -c unlimited" before starting Java again
#
# If you would like to submit a bug report, please visit:
#   https://bugreport.java.com/bugreport/crash.jsp
# The crash happened outside the Java Virtual Machine in native code.
# See problematic frame for where to report the bug.
#

---------------  S U M M A R Y ------------

Command Line: -javaagent:/Applications/IntelliJ IDEA.app/Contents/lib/idea_rt.jar=55365:/Applications/IntelliJ IDEA.app/Contents/bin -Dfile.encoding=UTF-8 --module-path=/Users/randymarsh/.m2/repository/org/controlsfx/controlsfx/11.1.0/controlsfx-11.1.0.jar:/Users/randymarsh/.m2/repository/org/openjfx/javafx-web/17.0.1/javafx-web-17.0.1-mac-aarch64.jar:/Users/randymarsh/.m2/repository/org/openjfx/javafx-base/17.0.1/javafx-base-17.0.1-mac-aarch64.jar:/Users/randymarsh/.m2/repository/org/kordamp/ikonli/ikonli-javafx/12.2.0/ikonli-javafx-12.2.0.jar:/Users/randymarsh/.m2/repository/net/synedra/validatorfx/0.1.13/validatorfx-0.1.13.jar:/Users/randymarsh/.m2/repository/org/openjfx/javafx-media/17.0.1/javafx-media-17.0.1-mac-aarch64.jar:/Users/randymarsh/.m2/repository/org/kordamp/bootstrapfx/bootstrapfx-core/0.4.0/bootstrapfx-core-0.4.0.jar:/Users/randymarsh/.m2/repository/org/kordamp/ikonli/ikonli-core/12.2.0/ikonli-core-12.2.0.jar:/Users/randymarsh/Documents/Java-Graphics/target/classes:/Users/randymarsh/.m2/repository/com/dlsc/formsfx/formsfx-core/11.3.2/formsfx-core-11.3.2.jar:/Users/randymarsh/.m2/repository/org/openjfx/javafx-graphics/17.0.1/javafx-graphics-17.0.1-mac-aarch64.jar:/Users/randymarsh/.m2/repository/org/openjfx/javafx-controls/17.0.1/javafx-controls-17.0.1-mac-aarch64.jar:/Users/randymarsh/.m2/repository/eu/hansolo/tilesfx/11.48/tilesfx-11.48.jar:/Users/randymarsh/.m2/repository/org/openjfx/javafx-fxml/17.0.1/javafx-fxml-17.0.1-mac-aarch64.jar -Djdk.module.main=com.szs.javagraphics com.szs.javagraphics/com.szs.javagraphics.HelloApplication

Host: "MacBookPro17,1" arm64 1 MHz, 8 cores, 16G, Darwin 21.4.0, macOS 12.3 (21E5222a)
Time: Wed Mar  9 17:07:57 2022 CST elapsed time: 0.304481 seconds (0d 0h 0m 0s)

---------------  T H R E A D  ---------------

Current thread (0x00000001278ca400):  JavaThread "InvokeLaterDispatcher" daemon [_thread_in_native, id=28931, stack(0x000000016dce8000,0x000000016deeb000)]

Stack: [0x000000016dce8000,0x000000016deeb000],  sp=0x000000016deea7b0,  free space=2057k
Native frames: (J=compiled Java code, j=interpreted, Vv=VM code, C=native code)
v  ~StubRoutines::SafeFetchN
V  [libjvm.dylib+0x79e208]  OopStorage::release(oopDesc* const*)+0x20
V  [libjvm.dylib+0x4b8f30]  jni_DeleteGlobalRef+0xc4
C  [libglass.dylib+0xab08]  -[GlassRunnable dealloc]+0x34
C  [Foundation+0x85618]  -[_NSThreadPerformInfo dealloc]+0x30
C  [Foundation+0x5198c]  -[NSObject(NSThreadPerformAdditions) performSelectorOnMainThread:withObject:waitUntilDone:]+0x88
C  0x564000010e3458ac
j  com.sun.glass.ui.mac.MacApplication.submitForLaterInvocation(Ljava/lang/Runnable;)V+2 javafx.graphics
j  com.sun.glass.ui.InvokeLaterDispatcher.run()V+82 javafx.graphics
v  ~StubRoutines::call_stub
V  [libjvm.dylib+0x460588]  JavaCalls::call_helper(JavaValue*, methodHandle const&, JavaCallArguments*, JavaThread*)+0x38c
V  [libjvm.dylib+0x45f5a4]  JavaCalls::call_virtual(JavaValue*, Klass*, Symbol*, Symbol*, JavaCallArguments*, JavaThread*)+0x11c
V  [libjvm.dylib+0x45f670]  JavaCalls::call_virtual(JavaValue*, Handle, Klass*, Symbol*, Symbol*, JavaThread*)+0x64
V  [libjvm.dylib+0x512ef0]  thread_entry(JavaThread*, JavaThread*)+0xc4
V  [libjvm.dylib+0x8fc514]  JavaThread::thread_main_inner()+0x134
V  [libjvm.dylib+0x8fae3c]  Thread::call_run()+0x128
V  [libjvm.dylib+0x7a4df0]  thread_native_entry(Thread*)+0x158
C  [libsystem_pthread.dylib+0x726c]  _pthread_start+0x94

Java frames: (J=compiled Java code, j=interpreted, Vv=VM code)
j  com.sun.glass.ui.mac.MacApplication._submitForLaterInvocation(Ljava/lang/Runnable;)V+0 javafx.graphics
j  com.sun.glass.ui.mac.MacApplication.submitForLaterInvocation(Ljava/lang/Runnable;)V+2 javafx.graphics
j  com.sun.glass.ui.InvokeLaterDispatcher.run()V+82 javafx.graphics
v  ~StubRoutines::call_stub

siginfo: si_signo: 10 (SIGBUS), si_code: 1 (BUS_ADRALN), si_addr: 0x000000010e33d4f0

Register to memory mapping:

 x0=0x0000000132004808 points into unknown readable memory: 0x0000000000000000 | 00 00 00 00 00 00 00 00
 x1=0x0 is NULL
 x2=0x000000070f275eb8 is an oop: com.sun.glass.ui.InvokeLaterDispatcher$Future 
{0x000000070f275eb8} - klass: 'com/sun/glass/ui/InvokeLaterDispatcher$Future'
 - ---- fields (total size 3 words):
 - private 'done' 'Z' @12  true
 - private final 'runnable' 'Ljava/lang/Runnable;' @16  a 'com/sun/javafx/application/PlatformImpl$$Lambda$113+0x0000000800c82838'{0x000000070ee089c0} (e1dc1138)
 - final synthetic 'this$0' 'Lcom/sun/glass/ui/InvokeLaterDispatcher;' @20  a 'com/sun/glass/ui/InvokeLaterDispatcher'{0x000000070f217fb0} (e1e42ff6)
 x3=0x0 is NULL
 x4=0x00000000000130a8 is an unknown value
 x5=0x0 is NULL
 x6=0x0 is NULL
 x7=0x0 is NULL
 x8=0x000000010e33d4ec is at begin+0 in a stub
StubRoutines::SafeFetchN [0x000000010e33d4ec, 0x000000010e33d4f8] (12 bytes)
 x9=0x0 is NULL
x10=0x2010000030300000 is an unknown value
x11=0x0000000000000007 is an unknown value
x12=0x0000000000000001 is an unknown value
x13=0x0000600002564270 points into unknown readable memory: 0x7365440000000001 | 01 00 00 00 00 44 65 73
x14=0x0000020000000000 is an unknown value
x15=0x0000000123595f98: OBJC_CLASS_$_GlassRunnable+0 in /Users/randymarsh/.openjfx/cache/17.0.1/libglass.dylib at 0x0000000123550000
x16=0x0000000185c690fc: pthread_getspecific+0 in /usr/lib/system/libsystem_pthread.dylib at 0x0000000185c67000
x17=0x0000600002f71800 points into unknown readable memory: 0xfffffffffffffffe | fe ff ff ff ff ff ff ff
x18=0x0 is NULL
x19=0x0000600002078850 points into unknown readable memory: 0x0000600000975850 | 50 58 97 00 00 60 00 00
x20=0x0000000132004600 points into unknown readable memory: 0x000000070f55b298 | 98 b2 55 0f 07 00 00 00
x21=0x0000000132004808 points into unknown readable memory: 0x0000000000000000 | 00 00 00 00 00 00 00 00
x22=0x00000001278ca400 is a thread
x23=0x0000000000000001 is an unknown value
x24=0x00000001320047c0 is a global jni handle
x25=0x00000001068695d8: _ZN12StubRoutines17_safefetchN_entryE+0 in /Library/Java/JavaVirtualMachines/jdk-17.0.1.jdk/Contents/Home/lib/server/libjvm.dylib at 0x0000000105cd8000
x26=0x000000012291a288 is pointing into metadata
x27=0x0 is NULL
x28=0x00000001278ca400 is a thread


Registers:
 x0=0x0000000132004808  x1=0x0000000000000000  x2=0x000000070f275eb8  x3=0x0000000000000000
 x4=0x00000000000130a8  x5=0x0000000000000000  x6=0x0000000000000000  x7=0x0000000000000000
 x8=0x000000010e33d4ec  x9=0x0000000000000000 x10=0x2010000030300000 x11=0x0000000000000007
x12=0x0000000000000001 x13=0x0000600002564270 x14=0x0000020000000000 x15=0x0000000123595f98
x16=0x0000000185c690fc x17=0x0000600002f71800 x18=0x0000000000000000 x19=0x0000600002078850
x20=0x0000000132004600 x21=0x0000000132004808 x22=0x00000001278ca400 x23=0x0000000000000001
x24=0x00000001320047c0 x25=0x00000001068695d8 x26=0x000000012291a288 x27=0x0000000000000000
x28=0x00000001278ca400  fp=0x000000016deea7f0  lr=0x0000000106474fd8  sp=0x000000016deea7b0
pc=0x000000010e33d4f0 cpsr=0x0000000060001000
Top of Stack: (sp=0x000000016deea7b0)
0x000000016deea7b0:   000000012291a288 0000000000000001
0x000000016deea7c0:   000000016deea9a8 0000600000918930
0x000000016deea7d0:   0000000000000000 00000001320047f0
0x000000016deea7e0:   00000001320047f0 0000600002078850
0x000000016deea7f0:   000000016deea830 0000000106476208
0x000000016deea800:   0000000000000001 00000001320047f0
0x000000016deea810:   0000000000000000 00000001320047f0
0x000000016deea820:   0000000000000001 0000000160008200
0x000000016deea830:   000000016deea860 0000000106190f30
0x000000016deea840:   0000600000918920 00000001cfd0e375
0x000000016deea850:   0000000000000000 0000600000918920
0x000000016deea860:   000000016deea890 000000012355ab08
0x000000016deea870:   2364c35e82c800ce 0000000000000000
0x000000016deea880:   0000000000000000 0000600001e0c680
0x000000016deea890:   000000016deea8d0 0000000186c35618
0x000000016deea8a0:   000000016deea9a8 0000600000918930
0x000000016deea8b0:   0000600000918920 2364c35e82c800ce
0x000000016deea8c0:   0000000000000000 0000000000000000
0x000000016deea8d0:   000000016deea910 f73b800186c0198c
0x000000016deea8e0:   000000016deea9a8 000000010e3447c0
0x000000016deea8f0:   0000000000000000 0000000106870f90
0x000000016deea900:   000000016deea920 000000010e343730
0x000000016deea910:   000000016deea980 564000010e3458ac
0x000000016deea920:   000000016deea920 0000000800986475
0x000000016deea930:   000000016deea930 0000000000000000
0x000000016deea940:   000000016deea9a8 000000012291a288
0x000000016deea950:   000000070f59e828 0000000000000000
0x000000016deea960:   0000000000000000 00000001228f3770
0x000000016deea970:   0000000000000000 000000016deea980
0x000000016deea980:   000000016deeaa00 000000010e341fc8
0x000000016deea990:   0000000000000000 0000000000000000
0x000000016deea9a0:   000000070f275eb8 000000070f211ae8 

Instructions: (pc=0x000000010e33d4f0)
0x000000010e33d3f0:   f2a0d069 f2c00029 6d425935 1e640886
0x000000010e33d400:   0c402d31 1e6408c7 1f5654d0 1e6c1017
0x000000010e33d410:   1f5050d0 1f504cd0 1f5048d0 1e650af6
0x000000010e33d420:   1f50d8f6 1f5694d6 1f5158f6 1e762880
0x000000010e33d430:   36000501 1e614000 14000026 2e251ca5
0x000000010e33d440:   d28c3009 f2a0d069 f2c00029 6d425d36
0x000000010e33d450:   1e600806 0c402d32 1f5758c7 1e6c101a
0x000000010e33d460:   1f4754c7 1e650805 1f4750c7 d2866668
0x000000010e33d470:   f2a7fa68 1f474cc7 1e6608c0 1f4748c7
0x000000010e33d480:   1e6e1019 eb08007f 540000ac 1f479400
0x000000010e33d490:   1f460340 1e603b20 1400000e d2a7fd29
0x000000010e33d4a0:   eb09007f 540000ac 51480069 d3607d29
0x000000010e33d4b0:   9e670121 14000002 1e6a5001 1f679417
0x000000010e33d4c0:   1f668742 1e613b23 1e773857 1e773860
0x000000010e33d4d0:   a8c17ff3 910003bf a8c17bfd d65f03c0
0x000000010e33d4e0:   b9400001 aa0103e0 d65f03c0 f9400001
0x000000010e33d4f0:   aa0103e0 d65f03c0 00000000 00000000
0x000000010e33d500:   00000000 00000000 00000000 00000000
0x000000010e33d510:   00000000 00000000 00000000 00000000
0x000000010e33d520:   00000000 00000000 00000000 00000000
0x000000010e33d530:   00000000 00000000 00000000 00000000
0x000000010e33d540:   00000000 00000000 00000000 00000000
0x000000010e33d550:   00000000 00000000 00000000 00000000
0x000000010e33d560:   00000000 00000000 00000000 00000000
0x000000010e33d570:   00000000 00000000 00000000 00000000
0x000000010e33d580:   00000000 00000000 00000000 00000000
0x000000010e33d590:   00000000 00000000 00000000 00000000
0x000000010e33d5a0:   00000000 00000000 00000000 00000000
0x000000010e33d5b0:   00000000 00000000 00000000 00000000
0x000000010e33d5c0:   00000000 00000000 00000000 00000000
0x000000010e33d5d0:   00000000 00000000 00000000 00000000
0x000000010e33d5e0:   00000000 00000000 00000000 00000000 


Stack slot to memory mapping:
stack at sp + 0 slots: 0x000000012291a288 is pointing into metadata
stack at sp + 1 slots: 0x0000000000000001 is an unknown value
stack at sp + 2 slots: 0x000000016deea9a8 is pointing into the stack for thread: 0x00000001278ca400
stack at sp + 3 slots: 0x0000600000918930 points into unknown readable memory: 0x01000001de3f6011 | 11 60 3f de 01 00 00 01
stack at sp + 4 slots: 0x0 is NULL
stack at sp + 5 slots: 0x00000001320047f0 is a global jni handle
stack at sp + 6 slots: 0x00000001320047f0 is a global jni handle
stack at sp + 7 slots: 0x0000600002078850 points into unknown readable memory: 0x0000600000975850 | 50 58 97 00 00 60 00 00

StubRoutines::SafeFetchN [0x000000010e33d4ec, 0x000000010e33d4f8] (12 bytes)
[MachCode]
  0x000000010e33d4ec: 0100 40f9 | e003 01aa | c003 5fd6 
[/MachCode]

---------------  P R O C E S S  ---------------

Threads class SMR info:
_java_thread_list=0x0000600000b592a0, length=17, elements={
0x0000000134008e00, 0x000000013410d400, 0x000000013410fc00, 0x000000013280ea00,
0x000000013280d400, 0x0000000132809e00, 0x000000013380ea00, 0x000000013380f000,
0x000000013380f600, 0x0000000132810000, 0x000000013288de00, 0x0000000132813e00,
0x0000000134110800, 0x00000001278ca400, 0x0000000160008200, 0x0000000127915800,
0x0000000132975400
}

Java Threads: ( => current thread )
  0x0000000134008e00 JavaThread "main" [_thread_blocked, id=6147, stack(0x000000016b2e0000,0x000000016b4e3000)]
  0x000000013410d400 JavaThread "Reference Handler" daemon [_thread_blocked, id=17667, stack(0x000000016c134000,0x000000016c337000)]
  0x000000013410fc00 JavaThread "Finalizer" daemon [_thread_blocked, id=16643, stack(0x000000016c340000,0x000000016c543000)]
  0x000000013280ea00 JavaThread "Signal Dispatcher" daemon [_thread_blocked, id=41987, stack(0x000000016c664000,0x000000016c867000)]
  0x000000013280d400 JavaThread "Service Thread" daemon [_thread_blocked, id=22787, stack(0x000000016c870000,0x000000016ca73000)]
  0x0000000132809e00 JavaThread "Monitor Deflation Thread" daemon [_thread_blocked, id=23299, stack(0x000000016ca7c000,0x000000016cc7f000)]
  0x000000013380ea00 JavaThread "C2 CompilerThread0" daemon [_thread_blocked, id=41475, stack(0x000000016cc88000,0x000000016ce8b000)]
  0x000000013380f000 JavaThread "C1 CompilerThread0" daemon [_thread_blocked, id=23811, stack(0x000000016ce94000,0x000000016d097000)]
  0x000000013380f600 JavaThread "Sweeper thread" daemon [_thread_blocked, id=40963, stack(0x000000016d0a0000,0x000000016d2a3000)]
  0x0000000132810000 JavaThread "Common-Cleaner" daemon [_thread_blocked, id=24067, stack(0x000000016d2ac000,0x000000016d4af000)]
  0x000000013288de00 JavaThread "Monitor Ctrl-Break" daemon [_thread_in_native, id=40195, stack(0x000000016d4b8000,0x000000016d6bb000)]
  0x0000000132813e00 JavaThread "Notification Thread" daemon [_thread_blocked, id=39683, stack(0x000000016d6c4000,0x000000016d8c7000)]
  0x0000000134110800 JavaThread "QuantumRenderer-0" daemon [_thread_blocked, id=24835, stack(0x000000016dadc000,0x000000016dcdf000)]
=>0x00000001278ca400 JavaThread "InvokeLaterDispatcher" daemon [_thread_in_native, id=28931, stack(0x000000016dce8000,0x000000016deeb000)]
  0x0000000160008200 JavaThread "JavaFX Application Thread" [_thread_in_vm, id=259, stack(0x000000016aa58000,0x000000016b254000)]
  0x0000000127915800 JavaThread "PulseTimer-CVDisplayLink thread" daemon [_thread_in_native, id=52227, stack(0x000000016def4000,0x000000016df77000)]
  0x0000000132975400 JavaThread "JavaFX-Launcher" [_thread_blocked, id=73479, stack(0x000000016e218000,0x000000016e41b000)]

Other Threads:
  0x000000013370dc90 VMThread "VM Thread" [stack: 0x000000016bf28000,0x000000016c12b000] [id=16131]
  0x0000000122c04870 WatcherThread [stack: 0x000000016d8d0000,0x000000016dad3000] [id=24323]
  0x0000000133707170 GCTaskThread "GC Thread#0" [stack: 0x000000016b4ec000,0x000000016b6ef000] [id=13059]
  0x0000000133707820 ConcurrentGCThread "G1 Main Marker" [stack: 0x000000016b6f8000,0x000000016b8fb000] [id=13571]
  0x00000001337081e0 ConcurrentGCThread "G1 Conc#0" [stack: 0x000000016b904000,0x000000016bb07000] [id=20227]
  0x000000013370a050 ConcurrentGCThread "G1 Refine#0" [stack: 0x000000016bb10000,0x000000016bd13000] [id=19715]
  0x0000000127704080 ConcurrentGCThread "G1 Service" [stack: 0x000000016bd1c000,0x000000016bf1f000] [id=19459]

Threads with active compile tasks:

VM state: not at safepoint (normal execution)

VM Mutex/Monitor currently owned by a thread: None

Heap address: 0x0000000700000000, size: 4096 MB, Compressed Oops mode: Zero based, Oop shift amount: 3

CDS archive(s) mapped at: [0x0000000800000000-0x0000000800bd4000-0x0000000800bd4000), size 12402688, SharedBaseAddress: 0x0000000800000000, ArchiveRelocationMode: 0.
Compressed class space mapped at: 0x0000000800c00000-0x0000000840c00000, reserved size: 1073741824
Narrow klass base: 0x0000000800000000, Narrow klass shift: 0, Narrow klass range: 0x100000000

GC Precious Log:
 CPUs: 8 total, 8 available
 Memory: 16384M
 Large Page Support: Disabled
 NUMA Support: Disabled
 Compressed Oops: Enabled (Zero based)
 Heap Region Size: 2M
 Heap Min Capacity: 8M
 Heap Initial Capacity: 256M
 Heap Max Capacity: 4G
 Pre-touch: Disabled
 Parallel Workers: 8
 Concurrent Workers: 2
 Concurrent Refinement Workers: 8
 Periodic GC: Disabled

Heap:
 garbage-first heap   total 266240K, used 18400K [0x0000000700000000, 0x0000000800000000)
  region size 2048K, 9 young (18432K), 0 survivors (0K)
 Metaspace       used 4632K, committed 4800K, reserved 1056768K
  class space    used 511K, committed 576K, reserved 1048576K

Heap Regions: E=young(eden), S=young(survivor), O=old, HS=humongous(starts), HC=humongous(continues), CS=collection set, F=free, OA=open archive, CA=closed archive, TAMS=top-at-mark-start (previous, next)
|   0|0x0000000700000000, 0x0000000700000000, 0x0000000700200000|  0%| F|  |TAMS 0x0000000700000000, 0x0000000700000000| Untracked 
|   1|0x0000000700200000, 0x0000000700200000, 0x0000000700400000|  0%| F|  |TAMS 0x0000000700200000, 0x0000000700200000| Untracked 
|   2|0x0000000700400000, 0x0000000700400000, 0x0000000700600000|  0%| F|  |TAMS 0x0000000700400000, 0x0000000700400000| Untracked 
|   3|0x0000000700600000, 0x0000000700600000, 0x0000000700800000|  0%| F|  |TAMS 0x0000000700600000, 0x0000000700600000| Untracked 
|   4|0x0000000700800000, 0x0000000700800000, 0x0000000700a00000|  0%| F|  |TAMS 0x0000000700800000, 0x0000000700800000| Untracked 
|   5|0x0000000700a00000, 0x0000000700a00000, 0x0000000700c00000|  0%| F|  |TAMS 0x0000000700a00000, 0x0000000700a00000| Untracked 
|   6|0x0000000700c00000, 0x0000000700c00000, 0x0000000700e00000|  0%| F|  |TAMS 0x0000000700c00000, 0x0000000700c00000| Untracked 
|   7|0x0000000700e00000, 0x0000000700e00000, 0x0000000701000000|  0%| F|  |TAMS 0x0000000700e00000, 0x0000000700e00000| Untracked 
|   8|0x0000000701000000, 0x0000000701000000, 0x0000000701200000|  0%| F|  |TAMS 0x0000000701000000, 0x0000000701000000| Untracked 
|   9|0x0000000701200000, 0x0000000701200000, 0x0000000701400000|  0%| F|  |TAMS 0x0000000701200000, 0x0000000701200000| Untracked 
|  10|0x0000000701400000, 0x0000000701400000, 0x0000000701600000|  0%| F|  |TAMS 0x0000000701400000, 0x0000000701400000| Untracked 
|  11|0x0000000701600000, 0x0000000701600000, 0x0000000701800000|  0%| F|  |TAMS 0x0000000701600000, 0x0000000701600000| Untracked 
|  12|0x0000000701800000, 0x0000000701800000, 0x0000000701a00000|  0%| F|  |TAMS 0x0000000701800000, 0x0000000701800000| Untracked 
|  13|0x0000000701a00000, 0x0000000701a00000, 0x0000000701c00000|  0%| F|  |TAMS 0x0000000701a00000, 0x0000000701a00000| Untracked 
|  14|0x0000000701c00000, 0x0000000701c00000, 0x0000000701e00000|  0%| F|  |TAMS 0x0000000701c00000, 0x0000000701c00000| Untracked 
|  15|0x0000000701e00000, 0x0000000701e00000, 0x0000000702000000|  0%| F|  |TAMS 0x0000000701e00000, 0x0000000701e00000| Untracked 
|  16|0x0000000702000000, 0x0000000702000000, 0x0000000702200000|  0%| F|  |TAMS 0x0000000702000000, 0x0000000702000000| Untracked 
|  17|0x0000000702200000, 0x0000000702200000, 0x0000000702400000|  0%| F|  |TAMS 0x0000000702200000, 0x0000000702200000| Untracked 
|  18|0x0000000702400000, 0x0000000702400000, 0x0000000702600000|  0%| F|  |TAMS 0x0000000702400000, 0x0000000702400000| Untracked 
|  19|0x0000000702600000, 0x0000000702600000, 0x0000000702800000|  0%| F|  |TAMS 0x0000000702600000, 0x0000000702600000| Untracked 
|  20|0x0000000702800000, 0x0000000702800000, 0x0000000702a00000|  0%| F|  |TAMS 0x0000000702800000, 0x0000000702800000| Untracked 
|  21|0x0000000702a00000, 0x0000000702a00000, 0x0000000702c00000|  0%| F|  |TAMS 0x0000000702a00000, 0x0000000702a00000| Untracked 
|  22|0x0000000702c00000, 0x0000000702c00000, 0x0000000702e00000|  0%| F|  |TAMS 0x0000000702c00000, 0x0000000702c00000| Untracked 
|  23|0x0000000702e00000, 0x0000000702e00000, 0x0000000703000000|  0%| F|  |TAMS 0x0000000702e00000, 0x0000000702e00000| Untracked 
|  24|0x0000000703000000, 0x0000000703000000, 0x0000000703200000|  0%| F|  |TAMS 0x0000000703000000, 0x0000000703000000| Untracked 
|  25|0x0000000703200000, 0x0000000703200000, 0x0000000703400000|  0%| F|  |TAMS 0x0000000703200000, 0x0000000703200000| Untracked 
|  26|0x0000000703400000, 0x0000000703400000, 0x0000000703600000|  0%| F|  |TAMS 0x0000000703400000, 0x0000000703400000| Untracked 
|  27|0x0000000703600000, 0x0000000703600000, 0x0000000703800000|  0%| F|  |TAMS 0x0000000703600000, 0x0000000703600000| Untracked 
|  28|0x0000000703800000, 0x0000000703800000, 0x0000000703a00000|  0%| F|  |TAMS 0x0000000703800000, 0x0000000703800000| Untracked 
|  29|0x0000000703a00000, 0x0000000703a00000, 0x0000000703c00000|  0%| F|  |TAMS 0x0000000703a00000, 0x0000000703a00000| Untracked 
|  30|0x0000000703c00000, 0x0000000703c00000, 0x0000000703e00000|  0%| F|  |TAMS 0x0000000703c00000, 0x0000000703c00000| Untracked 
|  31|0x0000000703e00000, 0x0000000703e00000, 0x0000000704000000|  0%| F|  |TAMS 0x0000000703e00000, 0x0000000703e00000| Untracked 
|  32|0x0000000704000000, 0x0000000704000000, 0x0000000704200000|  0%| F|  |TAMS 0x0000000704000000, 0x0000000704000000| Untracked 
|  33|0x0000000704200000, 0x0000000704200000, 0x0000000704400000|  0%| F|  |TAMS 0x0000000704200000, 0x0000000704200000| Untracked 
|  34|0x0000000704400000, 0x0000000704400000, 0x0000000704600000|  0%| F|  |TAMS 0x0000000704400000, 0x0000000704400000| Untracked 
|  35|0x0000000704600000, 0x0000000704600000, 0x0000000704800000|  0%| F|  |TAMS 0x0000000704600000, 0x0000000704600000| Untracked 
|  36|0x0000000704800000, 0x0000000704800000, 0x0000000704a00000|  0%| F|  |TAMS 0x0000000704800000, 0x0000000704800000| Untracked 
|  37|0x0000000704a00000, 0x0000000704a00000, 0x0000000704c00000|  0%| F|  |TAMS 0x0000000704a00000, 0x0000000704a00000| Untracked 
|  38|0x0000000704c00000, 0x0000000704c00000, 0x0000000704e00000|  0%| F|  |TAMS 0x0000000704c00000, 0x0000000704c00000| Untracked 
|  39|0x0000000704e00000, 0x0000000704e00000, 0x0000000705000000|  0%| F|  |TAMS 0x0000000704e00000, 0x0000000704e00000| Untracked 
|  40|0x0000000705000000, 0x0000000705000000, 0x0000000705200000|  0%| F|  |TAMS 0x0000000705000000, 0x0000000705000000| Untracked 
|  41|0x0000000705200000, 0x0000000705200000, 0x0000000705400000|  0%| F|  |TAMS 0x0000000705200000, 0x0000000705200000| Untracked 
|  42|0x0000000705400000, 0x0000000705400000, 0x0000000705600000|  0%| F|  |TAMS 0x0000000705400000, 0x0000000705400000| Untracked 
|  43|0x0000000705600000, 0x0000000705600000, 0x0000000705800000|  0%| F|  |TAMS 0x0000000705600000, 0x0000000705600000| Untracked 
|  44|0x0000000705800000, 0x0000000705800000, 0x0000000705a00000|  0%| F|  |TAMS 0x0000000705800000, 0x0000000705800000| Untracked 
|  45|0x0000000705a00000, 0x0000000705a00000, 0x0000000705c00000|  0%| F|  |TAMS 0x0000000705a00000, 0x0000000705a00000| Untracked 
|  46|0x0000000705c00000, 0x0000000705c00000, 0x0000000705e00000|  0%| F|  |TAMS 0x0000000705c00000, 0x0000000705c00000| Untracked 
|  47|0x0000000705e00000, 0x0000000705e00000, 0x0000000706000000|  0%| F|  |TAMS 0x0000000705e00000, 0x0000000705e00000| Untracked 
|  48|0x0000000706000000, 0x0000000706000000, 0x0000000706200000|  0%| F|  |TAMS 0x0000000706000000, 0x0000000706000000| Untracked 
|  49|0x0000000706200000, 0x0000000706200000, 0x0000000706400000|  0%| F|  |TAMS 0x0000000706200000, 0x0000000706200000| Untracked 
|  50|0x0000000706400000, 0x0000000706400000, 0x0000000706600000|  0%| F|  |TAMS 0x0000000706400000, 0x0000000706400000| Untracked 
|  51|0x0000000706600000, 0x0000000706600000, 0x0000000706800000|  0%| F|  |TAMS 0x0000000706600000, 0x0000000706600000| Untracked 
|  52|0x0000000706800000, 0x0000000706800000, 0x0000000706a00000|  0%| F|  |TAMS 0x0000000706800000, 0x0000000706800000| Untracked 
|  53|0x0000000706a00000, 0x0000000706a00000, 0x0000000706c00000|  0%| F|  |TAMS 0x0000000706a00000, 0x0000000706a00000| Untracked 
|  54|0x0000000706c00000, 0x0000000706c00000, 0x0000000706e00000|  0%| F|  |TAMS 0x0000000706c00000, 0x0000000706c00000| Untracked 
|  55|0x0000000706e00000, 0x0000000706e00000, 0x0000000707000000|  0%| F|  |TAMS 0x0000000706e00000, 0x0000000706e00000| Untracked 
|  56|0x0000000707000000, 0x0000000707000000, 0x0000000707200000|  0%| F|  |TAMS 0x0000000707000000, 0x0000000707000000| Untracked 
|  57|0x0000000707200000, 0x0000000707200000, 0x0000000707400000|  0%| F|  |TAMS 0x0000000707200000, 0x0000000707200000| Untracked 
|  58|0x0000000707400000, 0x0000000707400000, 0x0000000707600000|  0%| F|  |TAMS 0x0000000707400000, 0x0000000707400000| Untracked 
|  59|0x0000000707600000, 0x0000000707600000, 0x0000000707800000|  0%| F|  |TAMS 0x0000000707600000, 0x0000000707600000| Untracked 
|  60|0x0000000707800000, 0x0000000707800000, 0x0000000707a00000|  0%| F|  |TAMS 0x0000000707800000, 0x0000000707800000| Untracked 
|  61|0x0000000707a00000, 0x0000000707a00000, 0x0000000707c00000|  0%| F|  |TAMS 0x0000000707a00000, 0x0000000707a00000| Untracked 
|  62|0x0000000707c00000, 0x0000000707c00000, 0x0000000707e00000|  0%| F|  |TAMS 0x0000000707c00000, 0x0000000707c00000| Untracked 
|  63|0x0000000707e00000, 0x0000000707e00000, 0x0000000708000000|  0%| F|  |TAMS 0x0000000707e00000, 0x0000000707e00000| Untracked 
|  64|0x0000000708000000, 0x0000000708000000, 0x0000000708200000|  0%| F|  |TAMS 0x0000000708000000, 0x0000000708000000| Untracked 
|  65|0x0000000708200000, 0x0000000708200000, 0x0000000708400000|  0%| F|  |TAMS 0x0000000708200000, 0x0000000708200000| Untracked 
|  66|0x0000000708400000, 0x0000000708400000, 0x0000000708600000|  0%| F|  |TAMS 0x0000000708400000, 0x0000000708400000| Untracked 
|  67|0x0000000708600000, 0x0000000708600000, 0x0000000708800000|  0%| F|  |TAMS 0x0000000708600000, 0x0000000708600000| Untracked 
|  68|0x0000000708800000, 0x0000000708800000, 0x0000000708a00000|  0%| F|  |TAMS 0x0000000708800000, 0x0000000708800000| Untracked 
|  69|0x0000000708a00000, 0x0000000708a00000, 0x0000000708c00000|  0%| F|  |TAMS 0x0000000708a00000, 0x0000000708a00000| Untracked 
|  70|0x0000000708c00000, 0x0000000708c00000, 0x0000000708e00000|  0%| F|  |TAMS 0x0000000708c00000, 0x0000000708c00000| Untracked 
|  71|0x0000000708e00000, 0x0000000708e00000, 0x0000000709000000|  0%| F|  |TAMS 0x0000000708e00000, 0x0000000708e00000| Untracked 
|  72|0x0000000709000000, 0x0000000709000000, 0x0000000709200000|  0%| F|  |TAMS 0x0000000709000000, 0x0000000709000000| Untracked 
|  73|0x0000000709200000, 0x0000000709200000, 0x0000000709400000|  0%| F|  |TAMS 0x0000000709200000, 0x0000000709200000| Untracked 
|  74|0x0000000709400000, 0x0000000709400000, 0x0000000709600000|  0%| F|  |TAMS 0x0000000709400000, 0x0000000709400000| Untracked 
|  75|0x0000000709600000, 0x0000000709600000, 0x0000000709800000|  0%| F|  |TAMS 0x0000000709600000, 0x0000000709600000| Untracked 
|  76|0x0000000709800000, 0x0000000709800000, 0x0000000709a00000|  0%| F|  |TAMS 0x0000000709800000, 0x0000000709800000| Untracked 
|  77|0x0000000709a00000, 0x0000000709a00000, 0x0000000709c00000|  0%| F|  |TAMS 0x0000000709a00000, 0x0000000709a00000| Untracked 
|  78|0x0000000709c00000, 0x0000000709c00000, 0x0000000709e00000|  0%| F|  |TAMS 0x0000000709c00000, 0x0000000709c00000| Untracked 
|  79|0x0000000709e00000, 0x0000000709e00000, 0x000000070a000000|  0%| F|  |TAMS 0x0000000709e00000, 0x0000000709e00000| Untracked 
|  80|0x000000070a000000, 0x000000070a000000, 0x000000070a200000|  0%| F|  |TAMS 0x000000070a000000, 0x000000070a000000| Untracked 
|  81|0x000000070a200000, 0x000000070a200000, 0x000000070a400000|  0%| F|  |TAMS 0x000000070a200000, 0x000000070a200000| Untracked 
|  82|0x000000070a400000, 0x000000070a400000, 0x000000070a600000|  0%| F|  |TAMS 0x000000070a400000, 0x000000070a400000| Untracked 
|  83|0x000000070a600000, 0x000000070a600000, 0x000000070a800000|  0%| F|  |TAMS 0x000000070a600000, 0x000000070a600000| Untracked 
|  84|0x000000070a800000, 0x000000070a800000, 0x000000070aa00000|  0%| F|  |TAMS 0x000000070a800000, 0x000000070a800000| Untracked 
|  85|0x000000070aa00000, 0x000000070aa00000, 0x000000070ac00000|  0%| F|  |TAMS 0x000000070aa00000, 0x000000070aa00000| Untracked 
|  86|0x000000070ac00000, 0x000000070ac00000, 0x000000070ae00000|  0%| F|  |TAMS 0x000000070ac00000, 0x000000070ac00000| Untracked 
|  87|0x000000070ae00000, 0x000000070ae00000, 0x000000070b000000|  0%| F|  |TAMS 0x000000070ae00000, 0x000000070ae00000| Untracked 
|  88|0x000000070b000000, 0x000000070b000000, 0x000000070b200000|  0%| F|  |TAMS 0x000000070b000000, 0x000000070b000000| Untracked 
|  89|0x000000070b200000, 0x000000070b200000, 0x000000070b400000|  0%| F|  |TAMS 0x000000070b200000, 0x000000070b200000| Untracked 
|  90|0x000000070b400000, 0x000000070b400000, 0x000000070b600000|  0%| F|  |TAMS 0x000000070b400000, 0x000000070b400000| Untracked 
|  91|0x000000070b600000, 0x000000070b600000, 0x000000070b800000|  0%| F|  |TAMS 0x000000070b600000, 0x000000070b600000| Untracked 
|  92|0x000000070b800000, 0x000000070b800000, 0x000000070ba00000|  0%| F|  |TAMS 0x000000070b800000, 0x000000070b800000| Untracked 
|  93|0x000000070ba00000, 0x000000070ba00000, 0x000000070bc00000|  0%| F|  |TAMS 0x000000070ba00000, 0x000000070ba00000| Untracked 
|  94|0x000000070bc00000, 0x000000070bc00000, 0x000000070be00000|  0%| F|  |TAMS 0x000000070bc00000, 0x000000070bc00000| Untracked 
|  95|0x000000070be00000, 0x000000070be00000, 0x000000070c000000|  0%| F|  |TAMS 0x000000070be00000, 0x000000070be00000| Untracked 
|  96|0x000000070c000000, 0x000000070c000000, 0x000000070c200000|  0%| F|  |TAMS 0x000000070c000000, 0x000000070c000000| Untracked 
|  97|0x000000070c200000, 0x000000070c200000, 0x000000070c400000|  0%| F|  |TAMS 0x000000070c200000, 0x000000070c200000| Untracked 
|  98|0x000000070c400000, 0x000000070c400000, 0x000000070c600000|  0%| F|  |TAMS 0x000000070c400000, 0x000000070c400000| Untracked 
|  99|0x000000070c600000, 0x000000070c600000, 0x000000070c800000|  0%| F|  |TAMS 0x000000070c600000, 0x000000070c600000| Untracked 
| 100|0x000000070c800000, 0x000000070c800000, 0x000000070ca00000|  0%| F|  |TAMS 0x000000070c800000, 0x000000070c800000| Untracked 
| 101|0x000000070ca00000, 0x000000070ca00000, 0x000000070cc00000|  0%| F|  |TAMS 0x000000070ca00000, 0x000000070ca00000| Untracked 
| 102|0x000000070cc00000, 0x000000070cc00000, 0x000000070ce00000|  0%| F|  |TAMS 0x000000070cc00000, 0x000000070cc00000| Untracked 
| 103|0x000000070ce00000, 0x000000070ce00000, 0x000000070d000000|  0%| F|  |TAMS 0x000000070ce00000, 0x000000070ce00000| Untracked 
| 104|0x000000070d000000, 0x000000070d000000, 0x000000070d200000|  0%| F|  |TAMS 0x000000070d000000, 0x000000070d000000| Untracked 
| 105|0x000000070d200000, 0x000000070d200000, 0x000000070d400000|  0%| F|  |TAMS 0x000000070d200000, 0x000000070d200000| Untracked 
| 106|0x000000070d400000, 0x000000070d400000, 0x000000070d600000|  0%| F|  |TAMS 0x000000070d400000, 0x000000070d400000| Untracked 
| 107|0x000000070d600000, 0x000000070d600000, 0x000000070d800000|  0%| F|  |TAMS 0x000000070d600000, 0x000000070d600000| Untracked 
| 108|0x000000070d800000, 0x000000070d800000, 0x000000070da00000|  0%| F|  |TAMS 0x000000070d800000, 0x000000070d800000| Untracked 
| 109|0x000000070da00000, 0x000000070da00000, 0x000000070dc00000|  0%| F|  |TAMS 0x000000070da00000, 0x000000070da00000| Untracked 
| 110|0x000000070dc00000, 0x000000070dc00000, 0x000000070de00000|  0%| F|  |TAMS 0x000000070dc00000, 0x000000070dc00000| Untracked 
| 111|0x000000070de00000, 0x000000070de00000, 0x000000070e000000|  0%| F|  |TAMS 0x000000070de00000, 0x000000070de00000| Untracked 
| 112|0x000000070e000000, 0x000000070e000000, 0x000000070e200000|  0%| F|  |TAMS 0x000000070e000000, 0x000000070e000000| Untracked 
| 113|0x000000070e200000, 0x000000070e200000, 0x000000070e400000|  0%| F|  |TAMS 0x000000070e200000, 0x000000070e200000| Untracked 
| 114|0x000000070e400000, 0x000000070e400000, 0x000000070e600000|  0%| F|  |TAMS 0x000000070e400000, 0x000000070e400000| Untracked 
| 115|0x000000070e600000, 0x000000070e600000, 0x000000070e800000|  0%| F|  |TAMS 0x000000070e600000, 0x000000070e600000| Untracked 
| 116|0x000000070e800000, 0x000000070e800000, 0x000000070ea00000|  0%| F|  |TAMS 0x000000070e800000, 0x000000070e800000| Untracked 
| 117|0x000000070ea00000, 0x000000070ea00000, 0x000000070ec00000|  0%| F|  |TAMS 0x000000070ea00000, 0x000000070ea00000| Untracked 
| 118|0x000000070ec00000, 0x000000070ec00000, 0x000000070ee00000|  0%| F|  |TAMS 0x000000070ec00000, 0x000000070ec00000| Untracked 
| 119|0x000000070ee00000, 0x000000070f000000, 0x000000070f000000|100%| E|  |TAMS 0x000000070ee00000, 0x000000070ee00000| Complete 
| 120|0x000000070f000000, 0x000000070f200000, 0x000000070f200000|100%| E|CS|TAMS 0x000000070f000000, 0x000000070f000000| Complete 
| 121|0x000000070f200000, 0x000000070f400000, 0x000000070f400000|100%| E|CS|TAMS 0x000000070f200000, 0x000000070f200000| Complete 
| 122|0x000000070f400000, 0x000000070f600000, 0x000000070f600000|100%| E|CS|TAMS 0x000000070f400000, 0x000000070f400000| Complete 
| 123|0x000000070f600000, 0x000000070f800000, 0x000000070f800000|100%| E|CS|TAMS 0x000000070f600000, 0x000000070f600000| Complete 
| 124|0x000000070f800000, 0x000000070fa00000, 0x000000070fa00000|100%| E|CS|TAMS 0x000000070f800000, 0x000000070f800000| Complete 
| 125|0x000000070fa00000, 0x000000070fc00000, 0x000000070fc00000|100%| E|CS|TAMS 0x000000070fa00000, 0x000000070fa00000| Complete 
| 126|0x000000070fc00000, 0x000000070fe00000, 0x000000070fe00000|100%| E|CS|TAMS 0x000000070fc00000, 0x000000070fc00000| Complete 
| 127|0x000000070fe00000, 0x0000000710000000, 0x0000000710000000|100%| E|CS|TAMS 0x000000070fe00000, 0x000000070fe00000| Complete 
|2046|0x00000007ffc00000, 0x00000007ffd78000, 0x00000007ffe00000| 73%|OA|  |TAMS 0x00000007ffc00000, 0x00000007ffc00000| Untracked 
|2047|0x00000007ffe00000, 0x00000007ffe80000, 0x0000000800000000| 25%|CA|  |TAMS 0x00000007ffe00000, 0x00000007ffe00000| Untracked 

Card table byte_map: [0x000000011d33c000,0x000000011db3c000] _byte_map_base: 0x0000000119b3c000

Marking Bits (Prev, Next): (CMBitMap*) 0x000000013403ee10, (CMBitMap*) 0x000000013403ee50
 Prev Bits: [0x000000011e33c000, 0x000000012233c000)
 Next Bits: [0x0000000123700000, 0x0000000127700000)

Polling page: 0x0000000104dec000

Metaspace:

Usage:
  Non-class:      4.02 MB used.
      Class:    511.59 KB used.
       Both:      4.52 MB used.

Virtual space:
  Non-class space:        8.00 MB reserved,       4.12 MB ( 52%) committed,  1 nodes.
      Class space:        1.00 GB reserved,     576.00 KB ( <1%) committed,  1 nodes.
             Both:        1.01 GB reserved,       4.69 MB ( <1%) committed. 

Chunk freelists:
   Non-Class:  2.01 MB
       Class:  3.45 MB
        Both:  5.47 MB

MaxMetaspaceSize: unlimited
CompressedClassSpaceSize: 1.00 GB
Initial GC threshold: 21.00 MB
Current GC threshold: 21.00 MB
CDS: on
MetaspaceReclaimPolicy: balanced
 - commit_granule_bytes: 65536.
 - commit_granule_words: 8192.
 - virtual_space_node_default_size: 1048576.
 - enlarge_chunks_in_place: 1.
 - new_chunks_are_fully_committed: 0.
 - uncommit_free_chunks: 1.
 - use_allocation_guard: 0.
 - handle_deallocations: 1.


Internal statistics:

num_allocs_failed_limit: 0.
num_arena_births: 88.
num_arena_deaths: 0.
num_vsnodes_births: 2.
num_vsnodes_deaths: 0.
num_space_committed: 75.
num_space_uncommitted: 0.
num_chunks_returned_to_freelist: 0.
num_chunks_taken_from_freelist: 205.
num_chunk_merges: 0.
num_chunk_splits: 135.
num_chunks_enlarged: 91.
num_purges: 0.
num_inconsistent_stats: 0.

CodeHeap 'non-profiled nmethods': size=120032Kb used=268Kb max_used=268Kb free=119763Kb
 bounds [0x0000000115e04000, 0x0000000116074000, 0x000000011d33c000]
CodeHeap 'profiled nmethods': size=120016Kb used=1346Kb max_used=1346Kb free=118669Kb
 bounds [0x000000010e8d0000, 0x000000010eb40000, 0x0000000115e04000]
CodeHeap 'non-nmethods': size=5712Kb used=1175Kb max_used=1203Kb free=4537Kb
 bounds [0x000000010e33c000, 0x000000010e5ac000, 0x000000010e8d0000]
 total_blobs=1323 nmethods=817 adapters=423
 compilation: enabled
              stopped_count=0, restarted_count=0
 full_count=0

Compilation events (20 events):
Event: 0.287 Thread 0x000000013380f000  848       3       jdk.internal.org.objectweb.asm.MethodWriter::visitInsn (115 bytes)
Event: 0.287 Thread 0x000000013380f000 nmethod 848 0x000000010ea1a610 code [0x000000010ea1a800, 0x000000010ea1ac78]
Event: 0.287 Thread 0x000000013380f000  847       3       jdk.internal.org.objectweb.asm.SymbolTable::addConstantFieldref (10 bytes)
Event: 0.287 Thread 0x000000013380f000 nmethod 847 0x000000010ea1ae10 code [0x000000010ea1afc0, 0x000000010ea1b158]
Event: 0.287 Thread 0x000000013380f000  850       3       java.lang.Class::descriptorString (170 bytes)
Event: 0.288 Thread 0x000000013380f000 nmethod 850 0x000000010ea1b210 code [0x000000010ea1b8c0, 0x000000010ea1d8c8]
Event: 0.298 Thread 0x000000013380f000  852       3       java.lang.ref.SoftReference::get (29 bytes)
Event: 0.298 Thread 0x000000013380f000 nmethod 852 0x000000010ea1e410 code [0x000000010ea1e5c0, 0x000000010ea1e7a8]
Event: 0.298 Thread 0x000000013380f000  853       1       java.lang.invoke.DirectMethodHandle::isCrackable (5 bytes)
Event: 0.298 Thread 0x000000013380f000 nmethod 853 0x0000000115e46990 code [0x0000000115e46b00, 0x0000000115e46be8]
Event: 0.298 Thread 0x000000013380f000  854       3       jdk.internal.misc.CDS::isDumpingArchive (4 bytes)
Event: 0.298 Thread 0x000000013380f000 nmethod 854 0x000000010ea1e890 code [0x000000010ea1ea40, 0x000000010ea1eb28]
Event: 0.298 Thread 0x000000013380f000  855       3       jdk.internal.org.objectweb.asm.SymbolTable$Entry::<init> (20 bytes)
Event: 0.298 Thread 0x000000013380f000 nmethod 855 0x000000010ea1eb90 code [0x000000010ea1ed40, 0x000000010ea1eed8]
Event: 0.299 Thread 0x000000013380f000  857       3       jdk.internal.org.objectweb.asm.AnnotationWriter::computeAnnotationsSize (66 bytes)
Event: 0.299 Thread 0x000000013380f000 nmethod 857 0x000000010ea1ef90 code [0x000000010ea1f1c0, 0x000000010ea1f568]
Event: 0.299 Thread 0x000000013380f000  858       3       jdk.internal.org.objectweb.asm.Attribute::putAttributes (78 bytes)
Event: 0.299 Thread 0x000000013380f000 nmethod 858 0x000000010ea1f790 code [0x000000010ea1fa40, 0x000000010ea20108]
Event: 0.300 Thread 0x000000013380f000  860       3       java.lang.invoke.MemberName::isMethod (8 bytes)
Event: 0.300 Thread 0x000000013380f000 nmethod 860 0x000000010ea20410 code [0x000000010ea205c0, 0x000000010ea20828]

GC Heap History (0 events):
No events

Deoptimization events (20 events):
Event: 0.251 Thread 0x0000000134110800 Uncommon trap: trap_request=0xffffffde fr.pc=0x0000000115e42730 relative=0x00000000000000f0
Event: 0.251 Thread 0x0000000134110800 Uncommon trap: reason=class_check action=maybe_recompile pc=0x0000000115e42730 method=jdk.internal.misc.Unsafe.allocateUninitializedArray(Ljava/lang/Class;I)Ljava/lang/Object; @ 51 c2
Event: 0.251 Thread 0x0000000134110800 DEOPT PACKING pc=0x0000000115e42730 sp=0x000000016dcda3d0
Event: 0.251 Thread 0x0000000134110800 DEOPT UNPACKING pc=0x000000010e37ad1c sp=0x000000016dcda360 mode 2
Event: 0.251 Thread 0x0000000134110800 Uncommon trap: trap_request=0xffffffde fr.pc=0x0000000115e42730 relative=0x00000000000000f0
Event: 0.251 Thread 0x0000000134110800 Uncommon trap: reason=class_check action=maybe_recompile pc=0x0000000115e42730 method=jdk.internal.misc.Unsafe.allocateUninitializedArray(Ljava/lang/Class;I)Ljava/lang/Object; @ 51 c2
Event: 0.251 Thread 0x0000000134110800 DEOPT PACKING pc=0x0000000115e42730 sp=0x000000016dcda380
Event: 0.251 Thread 0x0000000134110800 DEOPT UNPACKING pc=0x000000010e37ad1c sp=0x000000016dcda310 mode 2
Event: 0.251 Thread 0x0000000134110800 Uncommon trap: trap_request=0xffffffde fr.pc=0x0000000115e42730 relative=0x00000000000000f0
Event: 0.251 Thread 0x0000000134110800 Uncommon trap: reason=class_check action=maybe_recompile pc=0x0000000115e42730 method=jdk.internal.misc.Unsafe.allocateUninitializedArray(Ljava/lang/Class;I)Ljava/lang/Object; @ 51 c2
Event: 0.251 Thread 0x0000000134110800 DEOPT PACKING pc=0x0000000115e42730 sp=0x000000016dcd8a80
Event: 0.251 Thread 0x0000000134110800 DEOPT UNPACKING pc=0x000000010e37ad1c sp=0x000000016dcd8a10 mode 2
Event: 0.251 Thread 0x0000000134110800 Uncommon trap: trap_request=0xffffffde fr.pc=0x0000000115e42730 relative=0x00000000000000f0
Event: 0.251 Thread 0x0000000134110800 Uncommon trap: reason=class_check action=maybe_recompile pc=0x0000000115e42730 method=jdk.internal.misc.Unsafe.allocateUninitializedArray(Ljava/lang/Class;I)Ljava/lang/Object; @ 51 c2
Event: 0.251 Thread 0x0000000134110800 DEOPT PACKING pc=0x0000000115e42730 sp=0x000000016dcd8a30
Event: 0.251 Thread 0x0000000134110800 DEOPT UNPACKING pc=0x000000010e37ad1c sp=0x000000016dcd89c0 mode 2
Event: 0.286 Thread 0x0000000160008200 Uncommon trap: trap_request=0xffffff45 fr.pc=0x0000000115e3dfbc relative=0x000000000000007c
Event: 0.286 Thread 0x0000000160008200 Uncommon trap: reason=unstable_if action=reinterpret pc=0x0000000115e3dfbc method=jdk.internal.misc.Unsafe.convEndian(ZI)I @ 4 c2
Event: 0.286 Thread 0x0000000160008200 DEOPT PACKING pc=0x0000000115e3dfbc sp=0x000000016b24d960
Event: 0.286 Thread 0x0000000160008200 DEOPT UNPACKING pc=0x000000010e37ad1c sp=0x000000016b24d890 mode 2

Classes unloaded (0 events):
No events

Classes redefined (0 events):
No events

Internal exceptions (15 events):
Event: 0.025 Thread 0x0000000134008e00 Exception <a 'java/lang/NoSuchMethodError'{0x000000070ff554f0}: 'void java.lang.invoke.DirectMethodHandle$Holder.invokeSpecial(java.lang.Object, java.lang.Object, java.lang.Object)'> (0x000000070ff554f0) 
thrown [open/src/hotspot/share/interpreter/linkResolver.cpp, line 766]
Event: 0.051 Thread 0x0000000134008e00 Exception <a 'java/lang/NoSuchMethodError'{0x000000070fcd00f0}: 'void java.lang.invoke.DirectMethodHandle$Holder.invokeVirtual(java.lang.Object, java.lang.Object)'> (0x000000070fcd00f0) 
thrown [open/src/hotspot/share/interpreter/linkResolver.cpp, line 766]
Event: 0.064 Thread 0x0000000134008e00 Exception <a 'java/lang/NoSuchMethodError'{0x000000070fb32938}: 'void java.lang.invoke.DirectMethodHandle$Holder.invokeSpecial(java.lang.Object, java.lang.Object, java.lang.Object, java.lang.Object, java.lang.Object)'> (0x000000070fb32938) 
thrown [open/src/hotspot/share/interpreter/linkResolver.cpp, line 766]
Event: 0.066 Thread 0x0000000134008e00 Exception <a 'java/lang/NoSuchMethodError'{0x000000070fb48728}: 'java.lang.Object java.lang.invoke.DirectMethodHandle$Holder.invokeInterface(java.lang.Object, java.lang.Object)'> (0x000000070fb48728) 
thrown [open/src/hotspot/share/interpreter/linkResolver.cpp, line 766]
Event: 0.066 Thread 0x0000000134008e00 Exception <a 'java/lang/IncompatibleClassChangeError'{0x000000070fb4bda0}: Found class java.lang.Object, but interface was expected> (0x000000070fb4bda0) 
thrown [open/src/hotspot/share/interpreter/linkResolver.cpp, line 833]
Event: 0.067 Thread 0x0000000134008e00 Exception <a 'java/lang/NoSuchMethodError'{0x000000070fb4eb68}: 'void java.lang.invoke.DirectMethodHandle$Holder.invokeStatic(java.lang.Object, java.lang.Object, java.lang.Object, java.lang.Object)'> (0x000000070fb4eb68) 
thrown [open/src/hotspot/share/interpreter/linkResolver.cpp, line 766]
Event: 0.075 Thread 0x0000000134008e00 Implicit null exception at 0x0000000115e0ddfc to 0x0000000115e0df0c
Event: 0.080 Thread 0x000000013288de00 Exception <a 'java/lang/NoSuchMethodError'{0x000000070f8031c0}: 'java.lang.Object java.lang.invoke.DirectMethodHandle$Holder.invokeStaticInit(java.lang.Object)'> (0x000000070f8031c0) 
thrown [open/src/hotspot/share/interpreter/linkResolver.cpp, line 766]
Event: 0.082 Thread 0x000000013288de00 Exception <a 'java/lang/ClassNotFoundException'{0x000000070f80e0e0}: jdk/net/ExtendedSocketOptions> (0x000000070f80e0e0) 
thrown [open/src/hotspot/share/classfile/systemDictionary.cpp, line 256]
Event: 0.083 Thread 0x0000000134008e00 Exception <a 'java/lang/NoSuchMethodError'{0x000000070f8f5980}: 'void java.lang.invoke.DirectMethodHandle$Holder.invokeStatic(java.lang.Object, java.lang.Object)'> (0x000000070f8f5980) 
thrown [open/src/hotspot/share/interpreter/linkResolver.cpp, line 766]
Event: 0.108 Thread 0x0000000134008e00 Exception <a 'java/lang/NoSuchMethodError'{0x000000070f7ba8d0}: 'void java.lang.invoke.DirectMethodHandle$Holder.invokeStatic(java.lang.Object, java.lang.Object, java.lang.Object)'> (0x000000070f7ba8d0) 
thrown [open/src/hotspot/share/interpreter/linkResolver.cpp, line 766]
Event: 0.171 Thread 0x0000000134008e00 Exception <a 'java/lang/NoSuchMethodError'{0x000000070f568a60}: 'int java.lang.invoke.DirectMethodHandle$Holder.invokeStaticInit(java.lang.Object, java.lang.Object, java.lang.Object)'> (0x000000070f568a60) 
thrown [open/src/hotspot/share/interpreter/linkResolver.cpp, line 766]
Event: 0.272 Thread 0x0000000160008200 Exception <a 'java/lang/NoSuchMethodError'{0x000000070f19c7e8}: 'void java.lang.invoke.DirectMethodHandle$Holder.invokeStaticInit(java.lang.Object)'> (0x000000070f19c7e8) 
thrown [open/src/hotspot/share/interpreter/linkResolver.cpp, line 766]
Event: 0.274 Thread 0x0000000134008e00 Exception <a 'java/lang/NoSuchMethodError'{0x000000070f227480}: 'java.lang.Object java.lang.invoke.DirectMethodHandle$Holder.newInvokeSpecial(java.lang.Object, java.lang.Object, java.lang.Object, java.lang.Object, java.lang.Object, java.lang.Object)'> (0x000000070f227480) 
thrown [open/src/hotspot/share/interpreter/linkResolver.cpp, line 766]
Event: 0.298 Thread 0x0000000134008e00 Exception <a 'java/lang/NoSuchMethodError'{0x000000070ef9ec98}: 'java.lang.Object java.lang.invoke.DirectMethodHandle$Holder.newInvokeSpecial(java.lang.Object, java.lang.Object, java.lang.Object, java.lang.Object, java.lang.Object)'> (0x000000070ef9ec98) 
thrown [open/src/hotspot/share/interpreter/linkResolver.cpp, line 766]

VM Operations (10 events):
Event: 0.038 Executing VM operation: HandshakeAllThreads
Event: 0.038 Executing VM operation: HandshakeAllThreads done
Event: 0.042 Executing VM operation: HandshakeAllThreads
Event: 0.042 Executing VM operation: HandshakeAllThreads done
Event: 0.065 Executing VM operation: HandshakeAllThreads
Event: 0.065 Executing VM operation: HandshakeAllThreads done
Event: 0.071 Executing VM operation: ICBufferFull
Event: 0.071 Executing VM operation: ICBufferFull done
Event: 0.079 Executing VM operation: HandshakeAllThreads
Event: 0.079 Executing VM operation: HandshakeAllThreads done

Events (20 events):
Event: 0.286 loading class java/lang/reflect/Proxy$ProxyBuilder$1
Event: 0.286 loading class java/lang/reflect/Proxy$ProxyBuilder$1 done
Event: 0.286 loading class java/lang/annotation/Target
Event: 0.286 loading class java/lang/annotation/Target done
Event: 0.287 loading class sun/reflect/generics/repository/ClassRepository
Event: 0.287 loading class sun/reflect/generics/repository/GenericDeclRepository
Event: 0.287 loading class sun/reflect/generics/repository/AbstractRepository
Event: 0.287 loading class sun/reflect/generics/repository/AbstractRepository done
Event: 0.287 loading class sun/reflect/generics/repository/GenericDeclRepository done
Event: 0.287 loading class sun/reflect/generics/repository/ClassRepository done
Event: 0.287 loading class java/lang/Class$EnclosingMethodInfo
Event: 0.287 loading class java/lang/Class$EnclosingMethodInfo done
Event: 0.287 loading class java/lang/Class$AnnotationData
Event: 0.287 loading class java/lang/Class$AnnotationData done
Event: 0.289 Protecting memory [0x000000016def4000,0x000000016df00000] with protection modes 0
Event: 0.289 Thread 0x0000000127915800 Thread added: 0x0000000127915800
Event: 0.297 loading class java/lang/StackTraceElement$HashedModules
Event: 0.297 loading class java/lang/StackTraceElement$HashedModules done
Event: 0.299 Thread 0x0000000132975400 Thread added: 0x0000000132975400
Event: 0.299 Protecting memory [0x000000016e218000,0x000000016e224000] with protection modes 0


Dynamic libraries:
0x0000000104ce4000 	/Library/Java/JavaVirtualMachines/jdk-17.0.1.jdk/Contents/Home/lib/libjli.dylib
0x00000001906f8000 	/usr/lib/libz.1.dylib
0x00000001907af000 	/usr/lib/libSystem.B.dylib
0x00000001907a9000 	/usr/lib/system/libcache.dylib
0x0000000190767000 	/usr/lib/system/libcommonCrypto.dylib
0x0000000190790000 	/usr/lib/system/libcompiler_rt.dylib
0x0000000190787000 	/usr/lib/system/libcopyfile.dylib
0x00000001859f3000 	/usr/lib/system/libcorecrypto.dylib
0x0000000185aa6000 	/usr/lib/system/libdispatch.dylib
0x0000000185c74000 	/usr/lib/system/libdyld.dylib
0x000000019079f000 	/usr/lib/system/libkeymgr.dylib
0x0000000190742000 	/usr/lib/system/libmacho.dylib
0x000000018fe3d000 	/usr/lib/system/libquarantine.dylib
0x000000019079c000 	/usr/lib/system/libremovefile.dylib
0x000000018addb000 	/usr/lib/system/libsystem_asl.dylib
0x0000000185995000 	/usr/lib/system/libsystem_blocks.dylib
0x0000000185b2e000 	/usr/lib/system/libsystem_c.dylib
0x0000000190794000 	/usr/lib/system/libsystem_collections.dylib
0x000000018f2cb000 	/usr/lib/system/libsystem_configuration.dylib
0x000000018e528000 	/usr/lib/system/libsystem_containermanager.dylib
0x00000001904a4000 	/usr/lib/system/libsystem_coreservices.dylib
0x000000018839b000 	/usr/lib/system/libsystem_darwin.dylib
0x00000001907a0000 	/usr/lib/system/libsystem_dnssd.dylib
0x0000000185b2b000 	/usr/lib/system/libsystem_featureflags.dylib
0x0000000185c89000 	/usr/lib/system/libsystem_info.dylib
0x000000019070a000 	/usr/lib/system/libsystem_m.dylib
0x0000000185a7b000 	/usr/lib/system/libsystem_malloc.dylib
0x000000018ad6a000 	/usr/lib/system/libsystem_networkextension.dylib
0x00000001887f4000 	/usr/lib/system/libsystem_notify.dylib
0x0000000196aea000 	/usr/lib/system/libsystem_product_info_filter.dylib
0x000000018f2d0000 	/usr/lib/system/libsystem_sandbox.dylib
0x0000000190799000 	/usr/lib/system/libsystem_secinit.dylib
0x0000000185c2f000 	/usr/lib/system/libsystem_kernel.dylib
0x0000000185c81000 	/usr/lib/system/libsystem_platform.dylib
0x0000000185c67000 	/usr/lib/system/libsystem_pthread.dylib
0x000000018c537000 	/usr/lib/system/libsystem_symptoms.dylib
0x00000001859d9000 	/usr/lib/system/libsystem_trace.dylib
0x0000000190774000 	/usr/lib/system/libunwind.dylib
0x0000000185997000 	/usr/lib/system/libxpc.dylib
0x0000000185c17000 	/usr/lib/libc++abi.dylib
0x0000000185aed000 	/usr/lib/libobjc.A.dylib
0x000000019077f000 	/usr/lib/liboah.dylib
0x0000000185bb0000 	/usr/lib/libc++.1.dylib
0x000000019c5fd000 	/System/Library/Frameworks/Cocoa.framework/Versions/A/Cocoa
0x0000000188855000 	/System/Library/Frameworks/AppKit.framework/Versions/C/AppKit
0x000000018bd5b000 	/System/Library/Frameworks/CoreData.framework/Versions/A/CoreData
0x0000000186bb0000 	/System/Library/Frameworks/Foundation.framework/Versions/C/Foundation
0x000000018970d000 	/System/Library/PrivateFrameworks/UIFoundation.framework/Versions/A/UIFoundation
0x00000001967e4000 	/System/Library/PrivateFrameworks/RemoteViewServices.framework/Versions/A/RemoteViewServices
0x000000018ec74000 	/System/Library/PrivateFrameworks/XCTTargetBootstrap.framework/Versions/A/XCTTargetBootstrap
0x00000001924eb000 	/System/Library/PrivateFrameworks/InternationalSupport.framework/Versions/A/InternationalSupport
0x0000000192574000 	/System/Library/PrivateFrameworks/UserActivity.framework/Versions/A/UserActivity
0x00000001919e6000 	/usr/lib/libspindump.dylib
0x000000018997e000 	/System/Library/Frameworks/UniformTypeIdentifiers.framework/Versions/A/UniformTypeIdentifiers
0x000000018d1bf000 	/usr/lib/libapp_launch_measurement.dylib
0x000000018c6e9000 	/System/Library/PrivateFrameworks/CoreAnalytics.framework/Versions/A/CoreAnalytics
0x000000018d1c2000 	/System/Library/PrivateFrameworks/CoreAutoLayout.framework/Versions/A/CoreAutoLayout
0x000000018e565000 	/System/Library/Frameworks/Metal.framework/Versions/A/Metal
0x000000018f2db000 	/usr/lib/liblangid.dylib
0x000000018ec79000 	/System/Library/PrivateFrameworks/CoreSVG.framework/Versions/A/CoreSVG
0x000000018ae0f000 	/System/Library/PrivateFrameworks/SkyLight.framework/Versions/A/SkyLight
0x000000018b1e4000 	/System/Library/Frameworks/CoreGraphics.framework/Versions/A/CoreGraphics
0x0000000196eab000 	/System/Library/Frameworks/Accelerate.framework/Versions/A/Accelerate
0x000000019145d000 	/System/Library/PrivateFrameworks/IconServices.framework/Versions/A/IconServices
0x000000018e547000 	/System/Library/Frameworks/IOSurface.framework/Versions/A/IOSurface
0x000000018c71a000 	/usr/lib/libDiagnosticMessagesClient.dylib
0x000000019a3ac000 	/System/Library/Frameworks/ApplicationServices.framework/Versions/A/ApplicationServices
0x000000018ec5c000 	/System/Library/PrivateFrameworks/DFRFoundation.framework/Versions/A/DFRFoundation
0x00000001880e5000 	/usr/lib/libicucore.A.dylib
0x0000000193397000 	/System/Library/Frameworks/AudioToolbox.framework/Versions/A/AudioToolbox
0x00000001924f7000 	/System/Library/PrivateFrameworks/DataDetectorsCore.framework/Versions/A/DataDetectorsCore
0x00000001a8e2d000 	/System/Library/PrivateFrameworks/TextInput.framework/Versions/A/TextInput
0x000000018ad84000 	/usr/lib/libMobileGestalt.dylib
0x000000018e928000 	/System/Library/Frameworks/Carbon.framework/Versions/A/Frameworks/HIToolbox.framework/Versions/A/HIToolbox
0x000000018cb9b000 	/System/Library/Frameworks/QuartzCore.framework/Versions/A/QuartzCore
0x0000000187d68000 	/System/Library/Frameworks/Security.framework/Versions/A/Security
0x0000000196824000 	/System/Library/Frameworks/Carbon.framework/Versions/A/Frameworks/SpeechRecognition.framework/Versions/A/SpeechRecognition
0x000000018cf15000 	/System/Library/PrivateFrameworks/CoreUI.framework/Versions/A/CoreUI
0x0000000187645000 	/System/Library/Frameworks/CoreAudio.framework/Versions/A/CoreAudio
0x000000018c80f000 	/System/Library/Frameworks/DiskArbitration.framework/Versions/A/DiskArbitration
0x0000000191df0000 	/System/Library/PrivateFrameworks/MultitouchSupport.framework/Versions/A/MultitouchSupport
0x000000018ad82000 	/usr/lib/libenergytrace.dylib
0x000000018871d000 	/System/Library/Frameworks/IOKit.framework/Versions/A/IOKit
0x0000000196c13000 	/System/Library/Frameworks/CoreServices.framework/Versions/A/CoreServices
0x000000018d14f000 	/System/Library/PrivateFrameworks/PerformanceAnalysis.framework/Versions/A/PerformanceAnalysis
0x00000001e70fb000 	/System/Library/Frameworks/OpenGL.framework/Versions/A/OpenGL
0x000000018fd55000 	/System/Library/PrivateFrameworks/MobileKeyBag.framework/Versions/A/MobileKeyBag
0x000000018b7f1000 	/System/Library/Frameworks/ColorSync.framework/Versions/A/ColorSync
0x0000000185cb6000 	/System/Library/Frameworks/CoreFoundation.framework/Versions/A/CoreFoundation
0x000000018eef8000 	/System/Library/Frameworks/CoreImage.framework/Versions/A/CoreImage
0x0000000187469000 	/System/Library/Frameworks/CoreText.framework/Versions/A/CoreText
0x000000018eca9000 	/System/Library/Frameworks/ImageIO.framework/Versions/A/ImageIO
0x00000001907b5000 	/System/Library/PrivateFrameworks/SoftLinking.framework/Versions/A/SoftLinking
0x000000018d20d000 	/usr/lib/libxml2.2.dylib
0x0000000190a4e000 	/usr/lib/libcompression.dylib
0x0000000192447000 	/System/Library/PrivateFrameworks/TextureIO.framework/Versions/A/TextureIO
0x0000000191176000 	/usr/lib/libate.dylib
0x000000019103b000 	/usr/lib/liblzma.5.dylib
0x00000001868a5000 	/System/Library/Frameworks/SystemConfiguration.framework/Versions/A/SystemConfiguration
0x00000001907b1000 	/usr/lib/libfakelink.dylib
0x000000018a8b6000 	/System/Library/Frameworks/CFNetwork.framework/Versions/A/CFNetwork
0x00000001908f7000 	/usr/lib/libarchive.2.dylib
0x000000018f2d7000 	/System/Library/PrivateFrameworks/AppleSystemInfo.framework/Versions/A/AppleSystemInfo
0x000000018fe68000 	/usr/lib/libbsm.0.dylib
0x0000000189e27000 	/usr/lib/libnetwork.dylib
0x000000019074b000 	/usr/lib/system/libkxld.dylib
0x000000018fa7b000 	/System/Library/PrivateFrameworks/IOMobileFramebuffer.framework/Versions/A/IOMobileFramebuffer
0x0000000204a15000 	/usr/lib/libCoreEntitlements.dylib
0x0000000190486000 	/System/Library/PrivateFrameworks/AppleFSCompression.framework/Versions/A/AppleFSCompression
0x000000018fe50000 	/usr/lib/libcoretls.dylib
0x0000000191054000 	/usr/lib/libcoretls_cfhelpers.dylib
0x0000000190a49000 	/usr/lib/libpam.2.dylib
0x000000018c14e000 	/usr/lib/libsqlite3.dylib
0x00000001910bd000 	/usr/lib/libxar.1.dylib
0x0000000190497000 	/usr/lib/libbz2.1.0.dylib
0x00000001907b6000 	/usr/lib/libpcap.A.dylib
0x000000018c52e000 	/usr/lib/libdns_services.dylib
0x0000000190a1c000 	/usr/lib/libapple_nghttp2.dylib
0x00000001907f3000 	/usr/lib/libiconv.2.dylib
0x0000000190741000 	/usr/lib/libcharset.1.dylib
0x000000018d18b000 	/System/Library/Frameworks/CoreServices.framework/Versions/A/Frameworks/FSEvents.framework/Versions/A/FSEvents
0x00000001883a6000 	/System/Library/Frameworks/CoreServices.framework/Versions/A/Frameworks/CarbonCore.framework/Versions/A/CarbonCore
0x000000018c76f000 	/System/Library/Frameworks/CoreServices.framework/Versions/A/Frameworks/Metadata.framework/Versions/A/Metadata
0x00000001904aa000 	/System/Library/Frameworks/CoreServices.framework/Versions/A/Frameworks/OSServices.framework/Versions/A/OSServices
0x000000019097d000 	/System/Library/Frameworks/CoreServices.framework/Versions/A/Frameworks/SearchKit.framework/Versions/A/SearchKit
0x000000018c4bd000 	/System/Library/Frameworks/CoreServices.framework/Versions/A/Frameworks/AE.framework/Versions/A/AE
0x00000001861fc000 	/System/Library/Frameworks/CoreServices.framework/Versions/A/Frameworks/LaunchServices.framework/Versions/A/LaunchServices
0x0000000190fe4000 	/System/Library/Frameworks/CoreServices.framework/Versions/A/Frameworks/DictionaryServices.framework/Versions/A/DictionaryServices
0x000000018d198000 	/System/Library/Frameworks/CoreServices.framework/Versions/A/Frameworks/SharedFileList.framework/Versions/A/SharedFileList
0x000000018fe40000 	/usr/lib/libCheckFix.dylib
0x000000018adf3000 	/System/Library/PrivateFrameworks/TCC.framework/Versions/A/TCC
0x000000018f2dd000 	/System/Library/PrivateFrameworks/CoreNLP.framework/Versions/A/CoreNLP
0x000000018c71d000 	/System/Library/PrivateFrameworks/MetadataUtilities.framework/Versions/A/MetadataUtilities
0x000000018695e000 	/usr/lib/libmecabra.dylib
0x000000018fe79000 	/usr/lib/libmecab.dylib
0x000000018692a000 	/usr/lib/libCRFSuite.dylib
0x000000018fed6000 	/usr/lib/libgermantok.dylib
0x00000001909f5000 	/usr/lib/libThaiTokenizer.dylib
0x000000018c817000 	/System/Library/Frameworks/Accelerate.framework/Versions/A/Frameworks/vImage.framework/Versions/A/vImage
0x0000000196bea000 	/System/Library/Frameworks/Accelerate.framework/Versions/A/Frameworks/vecLib.framework/Versions/A/vecLib
0x0000000191102000 	/System/Library/Frameworks/Accelerate.framework/Versions/A/Frameworks/vecLib.framework/Versions/A/libvMisc.dylib
0x000000018f982000 	/System/Library/Frameworks/Accelerate.framework/Versions/A/Frameworks/vecLib.framework/Versions/A/libvDSP.dylib
0x0000000186585000 	/System/Library/Frameworks/Accelerate.framework/Versions/A/Frameworks/vecLib.framework/Versions/A/libBLAS.dylib
0x0000000190b1f000 	/System/Library/Frameworks/Accelerate.framework/Versions/A/Frameworks/vecLib.framework/Versions/A/libLAPACK.dylib
0x000000018fed9000 	/System/Library/Frameworks/Accelerate.framework/Versions/A/Frameworks/vecLib.framework/Versions/A/libLinearAlgebra.dylib
0x0000000190a34000 	/System/Library/Frameworks/Accelerate.framework/Versions/A/Frameworks/vecLib.framework/Versions/A/libSparseBLAS.dylib
0x0000000190b1a000 	/System/Library/Frameworks/Accelerate.framework/Versions/A/Frameworks/vecLib.framework/Versions/A/libQuadrature.dylib
0x000000018f3d6000 	/System/Library/Frameworks/Accelerate.framework/Versions/A/Frameworks/vecLib.framework/Versions/A/libBNNS.dylib
0x0000000186843000 	/System/Library/Frameworks/Accelerate.framework/Versions/A/Frameworks/vecLib.framework/Versions/A/libSparse.dylib
0x000000018f3ce000 	/System/Library/PrivateFrameworks/LinguisticData.framework/Versions/A/LinguisticData
0x00000001867fb000 	/System/Library/PrivateFrameworks/Lexicon.framework/Versions/A/Lexicon
0x00000001910fa000 	/usr/lib/libChineseTokenizer.dylib
0x0000000186fa1000 	/System/Library/PrivateFrameworks/LanguageModeling.framework/Versions/A/LanguageModeling
0x00000001909f7000 	/System/Library/PrivateFrameworks/AppleSauce.framework/Versions/A/AppleSauce
0x000000018fa68000 	/System/Library/PrivateFrameworks/CoreEmoji.framework/Versions/A/CoreEmoji
0x00000001908e5000 	/usr/lib/libcmph.dylib
0x000000018d16b000 	/System/Library/Frameworks/OpenDirectory.framework/Versions/A/Frameworks/CFOpenDirectory.framework/Versions/A/CFOpenDirectory
0x000000018d15b000 	/System/Library/Frameworks/OpenDirectory.framework/Versions/A/OpenDirectory
0x0000000191056000 	/System/Library/PrivateFrameworks/APFS.framework/Versions/A/APFS
0x000000018fd90000 	/System/Library/Frameworks/SecurityFoundation.framework/Versions/A/SecurityFoundation
0x00000001910cc000 	/usr/lib/libutil.dylib
0x00000001886df000 	/System/Library/PrivateFrameworks/CoreServicesStore.framework/Versions/A/CoreServicesStore
0x00000001910d0000 	/usr/lib/libxslt.1.dylib
0x000000018fe24000 	/System/Library/PrivateFrameworks/BackgroundTaskManagement.framework/Versions/A/BackgroundTaskManagement
0x0000000192368000 	/System/Library/Frameworks/ImageIO.framework/Versions/A/Resources/libRadiance.dylib
0x0000000192371000 	/System/Library/Frameworks/ImageIO.framework/Versions/A/Resources/libJPEG.dylib
0x00000001922c4000 	/System/Library/Frameworks/ImageIO.framework/Versions/A/Resources/libPng.dylib
0x00000001922e6000 	/System/Library/Frameworks/ImageIO.framework/Versions/A/Resources/libTIFF.dylib
0x00000001923cc000 	/System/Library/Frameworks/ImageIO.framework/Versions/A/Resources/libGIF.dylib
0x0000000191d00000 	/System/Library/Frameworks/ImageIO.framework/Versions/A/Resources/libJP2.dylib
0x0000000191422000 	/usr/lib/libexpat.1.dylib
0x0000000191cbb000 	/System/Library/PrivateFrameworks/AppleJPEG.framework/Versions/A/AppleJPEG
0x000000018e7e4000 	/System/Library/PrivateFrameworks/FontServices.framework/libFontParser.dylib
0x000000018c462000 	/System/Library/PrivateFrameworks/RunningBoardServices.framework/Versions/A/RunningBoardServices
0x000000019ccd0000 	/System/Library/PrivateFrameworks/IOSurfaceAccelerator.framework/Versions/A/IOSurfaceAccelerator
0x0000000191dec000 	/System/Library/PrivateFrameworks/WatchdogClient.framework/Versions/A/WatchdogClient
0x00000001870a5000 	/System/Library/Frameworks/CoreDisplay.framework/Versions/A/CoreDisplay
0x000000018e6ce000 	/System/Library/Frameworks/CoreMedia.framework/Versions/A/CoreMedia
0x000000018e55b000 	/System/Library/PrivateFrameworks/IOAccelerator.framework/Versions/A/IOAccelerator
0x000000018d2fb000 	/System/Library/Frameworks/CoreVideo.framework/Versions/A/CoreVideo
0x0000000190a47000 	/System/Library/Frameworks/MetalPerformanceShaders.framework/Versions/A/MetalPerformanceShaders
0x0000000191e2b000 	/System/Library/Frameworks/VideoToolbox.framework/Versions/A/VideoToolbox
0x000000018c3a6000 	/System/Library/PrivateFrameworks/BaseBoard.framework/Versions/A/BaseBoard
0x000000018c130000 	/System/Library/PrivateFrameworks/ProtocolBuffer.framework/Versions/A/ProtocolBuffer
0x0000000192363000 	/System/Library/PrivateFrameworks/GPUWrangler.framework/Versions/A/GPUWrangler
0x0000000192343000 	/System/Library/PrivateFrameworks/IOPresentment.framework/Versions/A/IOPresentment
0x000000019236b000 	/System/Library/PrivateFrameworks/DSExternalDisplay.framework/Versions/A/DSExternalDisplay
0x00000001e70ee000 	/System/Library/Frameworks/OpenGL.framework/Versions/A/Libraries/libCoreFSCache.dylib
0x00000001f159f000 	/System/Library/PrivateFrameworks/GPUCompiler.framework/Versions/31001/Libraries/libGPUCompilerUtils.dylib
0x00000001923d1000 	/System/Library/PrivateFrameworks/CMCaptureCore.framework/Versions/A/CMCaptureCore
0x00000001919d3000 	/System/Library/PrivateFrameworks/AppServerSupport.framework/Versions/A/AppServerSupport
0x0000000193c52000 	/System/Library/PrivateFrameworks/perfdata.framework/Versions/A/perfdata
0x00000001871c5000 	/System/Library/PrivateFrameworks/AudioToolboxCore.framework/Versions/A/AudioToolboxCore
0x000000018e6a7000 	/System/Library/PrivateFrameworks/caulk.framework/Versions/A/caulk
0x0000000193547000 	/usr/lib/libAudioStatistics.dylib
0x00000001a5494000 	/System/Library/PrivateFrameworks/SystemPolicy.framework/Versions/A/SystemPolicy
0x00000001937b3000 	/usr/lib/libSMC.dylib
0x000000019c4db000 	/System/Library/Frameworks/CoreMIDI.framework/Versions/A/CoreMIDI
0x0000000192292000 	/usr/lib/libAudioToolboxUtility.dylib
0x00000001a1561000 	/System/Library/PrivateFrameworks/OSAServicesClient.framework/Versions/A/OSAServicesClient
0x0000000193c5f000 	/usr/lib/libperfcheck.dylib
0x00000001a5fac000 	/usr/lib/libmis.dylib
0x00000001e7150000 	/System/Library/Frameworks/OpenGL.framework/Versions/A/Libraries/libGLU.dylib
0x00000001e710f000 	/System/Library/Frameworks/OpenGL.framework/Versions/A/Libraries/libGFXShared.dylib
0x00000001e72fc000 	/System/Library/Frameworks/OpenGL.framework/Versions/A/Libraries/libGL.dylib
0x00000001e7118000 	/System/Library/Frameworks/OpenGL.framework/Versions/A/Libraries/libGLImage.dylib
0x00000001e710c000 	/System/Library/Frameworks/OpenGL.framework/Versions/A/Libraries/libCVMSPluginSupport.dylib
0x00000001e70f5000 	/System/Library/Frameworks/OpenGL.framework/Versions/A/Libraries/libCoreVMClient.dylib
0x000000018f258000 	/System/Library/Frameworks/MetalPerformanceShaders.framework/Versions/A/Frameworks/MPSCore.framework/Versions/A/MPSCore
0x00000001903f9000 	/System/Library/Frameworks/MetalPerformanceShaders.framework/Versions/A/Frameworks/MPSImage.framework/Versions/A/MPSImage
0x000000018feee000 	/System/Library/Frameworks/MetalPerformanceShaders.framework/Versions/A/Frameworks/MPSNeuralNetwork.framework/Versions/A/MPSNeuralNetwork
0x0000000190329000 	/System/Library/Frameworks/MetalPerformanceShaders.framework/Versions/A/Frameworks/MPSMatrix.framework/Versions/A/MPSMatrix
0x0000000190101000 	/System/Library/Frameworks/MetalPerformanceShaders.framework/Versions/A/Frameworks/MPSRayIntersector.framework/Versions/A/MPSRayIntersector
0x000000019035a000 	/System/Library/Frameworks/MetalPerformanceShaders.framework/Versions/A/Frameworks/MPSNDArray.framework/Versions/A/MPSNDArray
0x00000001e9265000 	/System/Library/Frameworks/MetalPerformanceShaders.framework/Versions/A/Frameworks/MPSFunctions.framework/Versions/A/MPSFunctions
0x000000018645c000 	/System/Library/PrivateFrameworks/MetalTools.framework/Versions/A/MetalTools
0x000000018f2d5000 	/System/Library/PrivateFrameworks/AggregateDictionary.framework/Versions/A/AggregateDictionary
0x0000000191207000 	/usr/lib/libIOReport.dylib
0x000000019b4fd000 	/System/Library/PrivateFrameworks/ASEProcessing.framework/Versions/A/ASEProcessing
0x000000019157c000 	/System/Library/PrivateFrameworks/FaceCore.framework/Versions/A/FaceCore
0x000000019156e000 	/System/Library/PrivateFrameworks/GraphVisualizer.framework/Versions/A/GraphVisualizer
0x00000001f14b6000 	/System/Library/PrivateFrameworks/FontServices.framework/Versions/A/FontServices
0x000000019198f000 	/System/Library/PrivateFrameworks/OTSVG.framework/Versions/A/OTSVG
0x000000018cec5000 	/System/Library/Frameworks/ApplicationServices.framework/Versions/A/Frameworks/ATS.framework/Versions/A/Resources/libFontRegistry.dylib
0x00000001919dc000 	/System/Library/PrivateFrameworks/FontServices.framework/libhvf.dylib
0x00000001f14b7000 	/System/Library/PrivateFrameworks/FontServices.framework/libXTFontStaticRegistryData.dylib
0x00000001e749d000 	/System/Library/Frameworks/OpenCL.framework/Versions/A/OpenCL
0x00000001913d6000 	/System/Library/PrivateFrameworks/AppleVA.framework/Versions/A/AppleVA
0x000000019356f000 	/System/Library/Frameworks/ApplicationServices.framework/Versions/A/Frameworks/ATS.framework/Versions/A/ATS
0x000000018b8ee000 	/System/Library/Frameworks/ApplicationServices.framework/Versions/A/Frameworks/HIServices.framework/Versions/A/HIServices
0x00000001923db000 	/System/Library/Frameworks/ApplicationServices.framework/Versions/A/Frameworks/PrintCore.framework/Versions/A/PrintCore
0x0000000193906000 	/System/Library/Frameworks/ApplicationServices.framework/Versions/A/Frameworks/QD.framework/Versions/A/QD
0x00000001938fe000 	/System/Library/Frameworks/ApplicationServices.framework/Versions/A/Frameworks/ColorSyncLegacy.framework/Versions/A/ColorSyncLegacy
0x000000019355b000 	/System/Library/Frameworks/ApplicationServices.framework/Versions/A/Frameworks/SpeechSynthesis.framework/Versions/A/SpeechSynthesis
0x000000019239c000 	/System/Library/Frameworks/ApplicationServices.framework/Versions/A/Frameworks/ATSUI.framework/Versions/A/ATSUI
0x0000000193893000 	/usr/lib/libcups.2.dylib
0x0000000193c6d000 	/System/Library/Frameworks/Kerberos.framework/Versions/A/Kerberos
0x0000000193c7e000 	/System/Library/Frameworks/GSS.framework/Versions/A/GSS
0x00000001935df000 	/usr/lib/libresolv.9.dylib
0x00000001919eb000 	/System/Library/PrivateFrameworks/Heimdal.framework/Versions/A/Heimdal
0x000000019a733000 	/System/Library/Frameworks/Kerberos.framework/Versions/A/Libraries/libHeimdalProxy.dylib
0x000000018c540000 	/System/Library/Frameworks/Network.framework/Versions/A/Network
0x000000019143d000 	/usr/lib/libheimdal-asn1.dylib
0x0000000193cce000 	/System/Library/PrivateFrameworks/CommonAuth.framework/Versions/A/CommonAuth
0x00000001934d5000 	/System/Library/PrivateFrameworks/AudioSession.framework/Versions/A/AudioSession
0x00000001914cf000 	/System/Library/PrivateFrameworks/MediaExperience.framework/Versions/A/MediaExperience
0x000000019335d000 	/System/Library/PrivateFrameworks/AudioSession.framework/libSessionUtility.dylib
0x0000000193912000 	/System/Library/PrivateFrameworks/AudioResourceArbitration.framework/Versions/A/AudioResourceArbitration
0x0000000197ac2000 	/System/Library/PrivateFrameworks/PowerLog.framework/Versions/A/PowerLog
0x0000000191447000 	/System/Library/PrivateFrameworks/IconFoundation.framework/Versions/A/IconFoundation
0x0000000196810000 	/System/Library/PrivateFrameworks/SpeechRecognitionCore.framework/Versions/A/SpeechRecognitionCore
0x0000000105cd8000 	/Library/Java/JavaVirtualMachines/jdk-17.0.1.jdk/Contents/Home/lib/server/libjvm.dylib
0x0000000104e04000 	/Library/Java/JavaVirtualMachines/jdk-17.0.1.jdk/Contents/Home/lib/libjimage.dylib
0x0000000104e30000 	/Library/Java/JavaVirtualMachines/jdk-17.0.1.jdk/Contents/Home/lib/libinstrument.dylib
0x0000000104e7c000 	/Library/Java/JavaVirtualMachines/jdk-17.0.1.jdk/Contents/Home/lib/libjava.dylib
0x0000000105930000 	/Library/Java/JavaVirtualMachines/jdk-17.0.1.jdk/Contents/Home/lib/libnio.dylib
0x0000000105950000 	/Library/Java/JavaVirtualMachines/jdk-17.0.1.jdk/Contents/Home/lib/libnet.dylib
0x0000000104e64000 	/Library/Java/JavaVirtualMachines/jdk-17.0.1.jdk/Contents/Home/lib/libzip.dylib
0x0000000105974000 	/Users/randymarsh/.openjfx/cache/17.0.1/libprism_es2.dylib
0x00000001886a2000 	/System/Library/PrivateFrameworks/CoreServicesInternal.framework/Versions/A/CoreServicesInternal
0x00000001e7306000 	/System/Library/Frameworks/OpenGL.framework/Versions/A/Resources/GLEngine.bundle/GLEngine
0x00000001e718e000 	/System/Library/Frameworks/OpenGL.framework/Versions/A/Libraries/libGLProgrammability.dylib
0x000000012233c000 	/System/Library/Extensions/AppleMetalOpenGLRenderer.bundle/Contents/MacOS/AppleMetalOpenGLRenderer
0x00000001e7475000 	/System/Library/Frameworks/OpenGL.framework/Versions/A/Resources/GLRendererFloat.bundle/GLRendererFloat
0x00000001e7575000 	/System/Library/Extensions/AGXMetal13_3.bundle/Contents/MacOS/AGXMetal13_3
0x00000001a5fc8000 	/System/Library/PrivateFrameworks/GPURawCounter.framework/Versions/A/GPURawCounter
0x00000001a06d2000 	/System/Library/PrivateFrameworks/IOGPU.framework/Versions/A/IOGPU
0x0000000123550000 	/Users/randymarsh/.openjfx/cache/17.0.1/libglass.dylib
0x0000000197d1a000 	/System/Library/Frameworks/FileProvider.framework/Versions/A/FileProvider
0x000000018c30e000 	/System/Library/Frameworks/Accounts.framework/Versions/A/Accounts
0x0000000197e9e000 	/System/Library/PrivateFrameworks/GenerationalStorage.framework/Versions/A/GenerationalStorage
0x0000000198a61000 	/System/Library/PrivateFrameworks/CoreSymbolication.framework/Versions/A/CoreSymbolication
0x0000000197ab6000 	/System/Library/PrivateFrameworks/SymptomDiagnosticReporter.framework/Versions/A/SymptomDiagnosticReporter
0x0000000189992000 	/System/Library/PrivateFrameworks/DesktopServicesPriv.framework/Versions/A/DesktopServicesPriv
0x0000000188804000 	/usr/lib/libsandbox.1.dylib
0x000000018d389000 	/System/Library/PrivateFrameworks/UserManagement.framework/Versions/A/UserManagement
0x0000000198a1e000 	/System/Library/PrivateFrameworks/DebugSymbols.framework/Versions/A/DebugSymbols
0x00000001938f1000 	/System/Library/PrivateFrameworks/NetAuth.framework/Versions/A/NetAuth
0x000000019480d000 	/System/Library/PrivateFrameworks/Sharing.framework/Versions/A/Sharing
0x000000018d359000 	/System/Library/PrivateFrameworks/login.framework/Versions/A/Frameworks/loginsupport.framework/Versions/A/loginsupport
0x0000000199c53000 	/System/Library/PrivateFrameworks/Apple80211.framework/Versions/A/Apple80211
0x00000001904dd000 	/System/Library/PrivateFrameworks/AuthKit.framework/Versions/A/AuthKit
0x000000018fb64000 	/System/Library/PrivateFrameworks/CoreUtils.framework/Versions/A/CoreUtils
0x000000018fa87000 	/System/Library/Frameworks/CoreWLAN.framework/Versions/A/CoreWLAN
0x000000019497d000 	/System/Library/Frameworks/IOBluetooth.framework/Versions/A/IOBluetooth
0x0000000199cb3000 	/System/Library/PrivateFrameworks/CoreWiFi.framework/Versions/A/CoreWiFi
0x00000001985fe000 	/System/Library/PrivateFrameworks/FrontBoardServices.framework/Versions/A/FrontBoardServices
0x0000000198696000 	/System/Library/PrivateFrameworks/BoardServices.framework/Versions/A/BoardServices
0x000000018fd7e000 	/System/Library/PrivateFrameworks/AssertionServices.framework/Versions/A/AssertionServices
0x0000000199e30000 	/System/Library/PrivateFrameworks/BackBoardServices.framework/Versions/A/BackBoardServices
0x0000000193d65000 	/System/Library/PrivateFrameworks/CorePhoneNumbers.framework/Versions/A/CorePhoneNumbers
0x0000000197be6000 	/System/Library/PrivateFrameworks/DiskManagement.framework/Versions/A/DiskManagement
0x0000000197ae9000 	/System/Library/PrivateFrameworks/AppleIDAuthSupport.framework/Versions/A/AppleIDAuthSupport
0x00000001eba87000 	/System/Library/PrivateFrameworks/AAAFoundation.framework/Versions/A/AAAFoundation
0x0000000193d44000 	/System/Library/PrivateFrameworks/KeychainCircle.framework/Versions/A/KeychainCircle
0x0000000197bb2000 	/System/Library/PrivateFrameworks/MediaKit.framework/Versions/A/MediaKit
0x0000000197af6000 	/System/Library/Frameworks/DiscRecording.framework/Versions/A/DiscRecording
0x0000000191352000 	/usr/lib/libCoreStorage.dylib
0x000000019a12d000 	/usr/lib/libcsfde.dylib
0x0000000194a52000 	/System/Library/PrivateFrameworks/ProtectedCloudStorage.framework/Versions/A/ProtectedCloudStorage
0x000000019a125000 	/System/Library/PrivateFrameworks/EFILogin.framework/Versions/A/EFILogin
0x0000000197ec5000 	/System/Library/PrivateFrameworks/OctagonTrust.framework/Versions/A/OctagonTrust
0x00000001f0651000 	/System/Library/PrivateFrameworks/CoreUtilsExtras.framework/Versions/A/CoreUtilsExtras
0x0000000197a1b000 	/System/Library/Frameworks/CoreBluetooth.framework/Versions/A/CoreBluetooth
0x000000019a7b8000 	/System/Library/Frameworks/AudioUnit.framework/Versions/A/AudioUnit
0x000000019134a000 	/usr/lib/libMatch.1.dylib
0x00000001aa470000 	/System/Library/Frameworks/Accelerate.framework/Versions/A/Frameworks/vImage.framework/Versions/A/Libraries/libCGInterfaces.dylib
0x00000001335ec000 	/usr/lib/libobjc-trampolines.dylib
0x000000018d053000 	/System/Library/PrivateFrameworks/ViewBridge.framework/Versions/A/ViewBridge
0x00000001ec13a000 	/System/Library/PrivateFrameworks/AccessibilityBundles.framework/Versions/A/AccessibilityBundles
0x0000000191aae000 	/System/Library/PrivateFrameworks/login.framework/Versions/A/login
0x0000000191210000 	/System/Library/PrivateFrameworks/CrashReporterSupport.framework/Versions/A/CrashReporterSupport
0x00000001b1eed000 	/System/Library/PrivateFrameworks/OSAnalytics.framework/Versions/A/OSAnalytics
0x00000001bd1da000 	/System/Library/PrivateFrameworks/Symbolication.framework/Versions/A/Symbolication
0x00000001a5f89000 	/System/Library/PrivateFrameworks/MallocStackLogging.framework/Versions/A/MallocStackLogging


VM Arguments:
jvm_args: -javaagent:/Applications/IntelliJ IDEA.app/Contents/lib/idea_rt.jar=55365:/Applications/IntelliJ IDEA.app/Contents/bin -Dfile.encoding=UTF-8 --module-path=/Users/randymarsh/.m2/repository/org/controlsfx/controlsfx/11.1.0/controlsfx-11.1.0.jar:/Users/randymarsh/.m2/repository/org/openjfx/javafx-web/17.0.1/javafx-web-17.0.1-mac-aarch64.jar:/Users/randymarsh/.m2/repository/org/openjfx/javafx-base/17.0.1/javafx-base-17.0.1-mac-aarch64.jar:/Users/randymarsh/.m2/repository/org/kordamp/ikonli/ikonli-javafx/12.2.0/ikonli-javafx-12.2.0.jar:/Users/randymarsh/.m2/repository/net/synedra/validatorfx/0.1.13/validatorfx-0.1.13.jar:/Users/randymarsh/.m2/repository/org/openjfx/javafx-media/17.0.1/javafx-media-17.0.1-mac-aarch64.jar:/Users/randymarsh/.m2/repository/org/kordamp/bootstrapfx/bootstrapfx-core/0.4.0/bootstrapfx-core-0.4.0.jar:/Users/randymarsh/.m2/repository/org/kordamp/ikonli/ikonli-core/12.2.0/ikonli-core-12.2.0.jar:/Users/randymarsh/Documents/Java-Graphics/target/classes:/Users/randymarsh/.m2/repository/com/dlsc/formsfx/formsfx-core/11.3.2/formsfx-core-11.3.2.jar:/Users/randymarsh/.m2/repository/org/openjfx/javafx-graphics/17.0.1/javafx-graphics-17.0.1-mac-aarch64.jar:/Users/randymarsh/.m2/repository/org/openjfx/javafx-controls/17.0.1/javafx-controls-17.0.1-mac-aarch64.jar:/Users/randymarsh/.m2/repository/eu/hansolo/tilesfx/11.48/tilesfx-11.48.jar:/Users/randymarsh/.m2/repository/org/openjfx/javafx-fxml/17.0.1/javafx-fxml-17.0.1-mac-aarch64.jar -Djdk.module.main=com.szs.javagraphics 
java_command: com.szs.javagraphics/com.szs.javagraphics.HelloApplication
java_class_path (initial): /Users/randymarsh/.m2/repository/org/openjfx/javafx-controls/17.0.1/javafx-controls-17.0.1.jar:/Users/randymarsh/.m2/repository/org/openjfx/javafx-graphics/17.0.1/javafx-graphics-17.0.1.jar:/Users/randymarsh/.m2/repository/org/openjfx/javafx-base/17.0.1/javafx-base-17.0.1.jar:/Users/randymarsh/.m2/repository/org/openjfx/javafx-fxml/17.0.1/javafx-fxml-17.0.1.jar:/Users/randymarsh/.m2/repository/org/openjfx/javafx-web/17.0.1/javafx-web-17.0.1.jar:/Users/randymarsh/.m2/repository/org/openjfx/javafx-media/17.0.1/javafx-media-17.0.1.jar
Launcher Type: SUN_STANDARD

[Global flags]
     intx CICompilerCount                          = 4                                         {product} {ergonomic}
     uint ConcGCThreads                            = 2                                         {product} {ergonomic}
     uint G1ConcRefinementThreads                  = 8                                         {product} {ergonomic}
   size_t G1HeapRegionSize                         = 2097152                                   {product} {ergonomic}
    uintx GCDrainStackTargetSize                   = 64                                        {product} {ergonomic}
   size_t InitialHeapSize                          = 268435456                                 {product} {ergonomic}
   size_t MarkStackSize                            = 4194304                                   {product} {ergonomic}
   size_t MaxHeapSize                              = 4294967296                                {product} {ergonomic}
   size_t MaxNewSize                               = 2575302656                                {product} {ergonomic}
   size_t MinHeapDeltaBytes                        = 2097152                                   {product} {ergonomic}
   size_t MinHeapSize                              = 8388608                                   {product} {ergonomic}
    uintx NonNMethodCodeHeapSize                   = 5839564                                {pd product} {ergonomic}
    uintx NonProfiledCodeHeapSize                  = 122909338                              {pd product} {ergonomic}
    uintx ProfiledCodeHeapSize                     = 122909338                              {pd product} {ergonomic}
    uintx ReservedCodeCacheSize                    = 251658240                              {pd product} {ergonomic}
     bool SegmentedCodeCache                       = true                                      {product} {ergonomic}
   size_t SoftMaxHeapSize                          = 4294967296                             {manageable} {ergonomic}
     bool UseCompressedClassPointers               = true                           {product lp64_product} {ergonomic}
     bool UseCompressedOops                        = true                           {product lp64_product} {ergonomic}
     bool UseG1GC                                  = true                                      {product} {ergonomic}
     bool UseNUMA                                  = false                                     {product} {ergonomic}
     bool UseNUMAInterleaving                      = false                                     {product} {ergonomic}

Logging:
Log output configuration:
 #0: stdout all=warning uptime,level,tags
 #1: stderr all=off uptime,level,tags

Environment Variables:
PATH=/opt/homebrew/sbin:/macOS/bin:/opt/homebrew/anaconda3/condabin:/opt/homebrew/bin:/opt/homebrew/sbin:/opt/local/bin:/opt/local/sbin:/usr/local/bin:/usr/bin:/bin:/usr/sbin:/sbin:/usr/local/share/dotnet:/opt/X11/bin:~/.dotnet/tools:/Library/Apple/usr/bin:/Library/Frameworks/Mono.framework/Versions/Current/Commands:/Applications/Postgres.app/Contents/Versions/latest/bin:/Users/randymarsh/.cargo/bin:/opt/homebrew/bin
SHELL=/bin/zsh
DISPLAY=/private/tmp/com.apple.launchd.j2nEYLqnmz/org.xquartz:0
LC_CTYPE=en_US.UTF-8
DYLD_LIBRARY_PATH=/macOS/lib:

Signal Handlers:
   SIGSEGV: crash_handler in libjvm.dylib, mask=11100110000111110111111111111111, flags=SA_RESTART|SA_SIGINFO
    SIGBUS: crash_handler in libjvm.dylib, mask=11100110000111110111111111111111, flags=SA_RESTART|SA_SIGINFO
    SIGFPE: crash_handler in libjvm.dylib, mask=11100110000111110111111111111111, flags=SA_RESTART|SA_SIGINFO
   SIGPIPE: javaSignalHandler in libjvm.dylib, mask=11100110000111110111111111111111, flags=SA_RESTART|SA_SIGINFO
   SIGXFSZ: javaSignalHandler in libjvm.dylib, mask=11100110000111110111111111111111, flags=SA_RESTART|SA_SIGINFO
    SIGILL: crash_handler in libjvm.dylib, mask=11100110000111110111111111111111, flags=SA_RESTART|SA_SIGINFO
   SIGUSR2: SR_handler in libjvm.dylib, mask=00100000000000000000000000000000, flags=SA_RESTART|SA_SIGINFO
    SIGHUP: UserHandler in libjvm.dylib, mask=11100110000111110111111111111111, flags=SA_RESTART|SA_SIGINFO
    SIGINT: UserHandler in libjvm.dylib, mask=11100110000111110111111111111111, flags=SA_RESTART|SA_SIGINFO
   SIGTERM: UserHandler in libjvm.dylib, mask=11100110000111110111111111111111, flags=SA_RESTART|SA_SIGINFO
   SIGQUIT: UserHandler in libjvm.dylib, mask=11100110000111110111111111111111, flags=SA_RESTART|SA_SIGINFO
   SIGTRAP: crash_handler in libjvm.dylib, mask=11100110000111110111111111111111, flags=SA_RESTART|SA_SIGINFO


---------------  S Y S T E M  ---------------

OS:
uname: Darwin 21.4.0 Darwin Kernel Version 21.4.0: Mon Feb 14 22:26:41 PST 2022; root:xnu-8020.101.3~4/RELEASE_ARM64_T8101 arm64
OS uptime: 12 days 21:38 hours
rlimit (soft/hard): STACK 8176k/65520k , CORE 0k/infinity , NPROC 2666/4000 , NOFILE 10240/infinity , AS infinity/infinity , CPU infinity/infinity , DATA infinity/infinity , FSIZE infinity/infinity , MEMLOCK infinity/infinity , RSS infinity/infinity
load average: 5.10 3.16 2.71

CPU: total 8 (initial active 8) 0x61:0x0:0x1b588bb3:0, fp, simd, crc, lse

Memory: 16k page, physical 16777216k(173744k free), swap 2097152k(928512k free)

vm_info: Java HotSpot(TM) 64-Bit Server VM (17.0.1+12-LTS-39) for bsd-aarch64 JRE (17.0.1+12-LTS-39), built on Sep 27 2021 17:38:30 by "mach5one" with clang Apple LLVM 12.0.0 (clang-1200.0.32.29)

END.
